– checkpoints gifs LICENSE logs pixi.lock pixi.toml README.md results scripts slides slurm-out-maddpg_01.log src 81

Job started: Thu Jun 18 10:42:01 PM UTC 2026
Host: gpunode10.dyn.scc.plus.ac.at
Python Version:
Python 3.12.13
===============================
Training started: Thu Jun 18 10:42:01 PM UTC 2026

Using device: cuda
error: XDG_RUNTIME_DIR is invalid or not set in the environment.
Starting Training (MADDPG)...
Ep 00500/60000 | Noise: 0.30 | Avg Rewards: [adversary_0: 4.86, adversary_1: 4.86, adversary_2: 4.86, agent_0: -30.45]
Ep 01000/60000 | Noise: 0.29 | Avg Rewards: [adversary_0: 8.66, adversary_1: 8.66, adversary_2: 8.66, agent_0: -14.05]
Ep 01500/60000 | Noise: 0.29 | Avg Rewards: [adversary_0: 10.28, adversary_1: 10.28, adversary_2: 10.28, agent_0: -12.40]
Ep 02000/60000 | Noise: 0.29 | Avg Rewards: [adversary_0: 10.04, adversary_1: 10.04, adversary_2: 10.04, agent_0: -13.15]
Ep 02500/60000 | Noise: 0.28 | Avg Rewards: [adversary_0: 10.04, adversary_1: 10.04, adversary_2: 10.04, agent_0: -12.95]
Ep 03000/60000 | Noise: 0.28 | Avg Rewards: [adversary_0: 9.04, adversary_1: 9.04, adversary_2: 9.04, agent_0: -11.52]
Ep 03500/60000 | Noise: 0.28 | Avg Rewards: [adversary_0: 9.90, adversary_1: 9.90, adversary_2: 9.90, agent_0: -12.46]
Ep 04000/60000 | Noise: 0.27 | Avg Rewards: [adversary_0: 13.90, adversary_1: 13.90, adversary_2: 13.90, agent_0: -20.00]
Ep 04500/60000 | Noise: 0.27 | Avg Rewards: [adversary_0: 12.70, adversary_1: 12.70, adversary_2: 12.70, agent_0: -19.45]
Ep 05000/60000 | Noise: 0.27 | Avg Rewards: [adversary_0: 14.82, adversary_1: 14.82, adversary_2: 14.82, agent_0: -21.93]
Ep 05500/60000 | Noise: 0.27 | Avg Rewards: [adversary_0: 16.88, adversary_1: 16.88, adversary_2: 16.88, agent_0: -23.47]
Ep 06000/60000 | Noise: 0.26 | Avg Rewards: [adversary_0: 25.38, adversary_1: 25.38, adversary_2: 25.38, agent_0: -31.56]
Ep 06500/60000 | Noise: 0.26 | Avg Rewards: [adversary_0: 24.46, adversary_1: 24.46, adversary_2: 24.46, agent_0: -34.06]
Ep 07000/60000 | Noise: 0.26 | Avg Rewards: [adversary_0: 22.56, adversary_1: 22.56, adversary_2: 22.56, agent_0: -33.65]
Ep 07500/60000 | Noise: 0.25 | Avg Rewards: [adversary_0: 15.24, adversary_1: 15.24, adversary_2: 15.24, agent_0: -23.60]
Ep 08000/60000 | Noise: 0.25 | Avg Rewards: [adversary_0: 12.60, adversary_1: 12.60, adversary_2: 12.60, agent_0: -22.05]
Ep 08500/60000 | Noise: 0.25 | Avg Rewards: [adversary_0: 10.98, adversary_1: 10.98, adversary_2: 10.98, agent_0: -21.59]
Ep 09000/60000 | Noise: 0.24 | Avg Rewards: [adversary_0: 11.32, adversary_1: 11.32, adversary_2: 11.32, agent_0: -22.27]
Ep 09500/60000 | Noise: 0.24 | Avg Rewards: [adversary_0: 10.32, adversary_1: 10.32, adversary_2: 10.32, agent_0: -18.41]
Ep 10000/60000 | Noise: 0.24 | Avg Rewards: [adversary_0: 14.50, adversary_1: 14.50, adversary_2: 14.50, agent_0: -21.07]
Ep 10500/60000 | Noise: 0.23 | Avg Rewards: [adversary_0: 17.78, adversary_1: 17.78, adversary_2: 17.78, agent_0: -24.81]
Ep 11000/60000 | Noise: 0.23 | Avg Rewards: [adversary_0: 22.32, adversary_1: 22.32, adversary_2: 22.32, agent_0: -27.56]
Ep 11500/60000 | Noise: 0.23 | Avg Rewards: [adversary_0: 20.84, adversary_1: 20.84, adversary_2: 20.84, agent_0: -26.00]
Ep 12000/60000 | Noise: 0.22 | Avg Rewards: [adversary_0: 22.22, adversary_1: 22.22, adversary_2: 22.22, agent_0: -27.21]
Ep 12500/60000 | Noise: 0.22 | Avg Rewards: [adversary_0: 19.64, adversary_1: 19.64, adversary_2: 19.64, agent_0: -24.76]
Ep 13000/60000 | Noise: 0.22 | Avg Rewards: [adversary_0: 15.38, adversary_1: 15.38, adversary_2: 15.38, agent_0: -21.81]
Ep 13500/60000 | Noise: 0.22 | Avg Rewards: [adversary_0: 14.70, adversary_1: 14.70, adversary_2: 14.70, agent_0: -22.60]
Ep 14000/60000 | Noise: 0.21 | Avg Rewards: [adversary_0: 12.42, adversary_1: 12.42, adversary_2: 12.42, agent_0: -19.81]
Ep 14500/60000 | Noise: 0.21 | Avg Rewards: [adversary_0: 10.16, adversary_1: 10.16, adversary_2: 10.16, agent_0: -16.38]
Ep 15000/60000 | Noise: 0.21 | Avg Rewards: [adversary_0: 9.56, adversary_1: 9.56, adversary_2: 9.56, agent_0: -16.85]
Ep 15500/60000 | Noise: 0.20 | Avg Rewards: [adversary_0: 10.02, adversary_1: 10.02, adversary_2: 10.02, agent_0: -17.52]
Ep 16000/60000 | Noise: 0.20 | Avg Rewards: [adversary_0: 8.02, adversary_1: 8.02, adversary_2: 8.02, agent_0: -14.25]
Ep 16500/60000 | Noise: 0.20 | Avg Rewards: [adversary_0: 8.18, adversary_1: 8.18, adversary_2: 8.18, agent_0: -13.57]
Ep 17000/60000 | Noise: 0.19 | Avg Rewards: [adversary_0: 7.34, adversary_1: 7.34, adversary_2: 7.34, agent_0: -12.60]
Ep 17500/60000 | Noise: 0.19 | Avg Rewards: [adversary_0: 7.50, adversary_1: 7.50, adversary_2: 7.50, agent_0: -13.49]
Ep 18000/60000 | Noise: 0.19 | Avg Rewards: [adversary_0: 8.92, adversary_1: 8.92, adversary_2: 8.92, agent_0: -14.86]
Ep 18500/60000 | Noise: 0.18 | Avg Rewards: [adversary_0: 7.74, adversary_1: 7.74, adversary_2: 7.74, agent_0: -13.78]
Ep 19000/60000 | Noise: 0.18 | Avg Rewards: [adversary_0: 7.86, adversary_1: 7.86, adversary_2: 7.86, agent_0: -13.88]
Ep 19500/60000 | Noise: 0.18 | Avg Rewards: [adversary_0: 6.02, adversary_1: 6.02, adversary_2: 6.02, agent_0: -10.89]
Ep 20000/60000 | Noise: 0.17 | Avg Rewards: [adversary_0: 6.54, adversary_1: 6.54, adversary_2: 6.54, agent_0: -12.19]
Ep 20500/60000 | Noise: 0.17 | Avg Rewards: [adversary_0: 7.88, adversary_1: 7.88, adversary_2: 7.88, agent_0: -14.15]
Ep 21000/60000 | Noise: 0.17 | Avg Rewards: [adversary_0: 7.74, adversary_1: 7.74, adversary_2: 7.74, agent_0: -13.30]
Ep 21500/60000 | Noise: 0.17 | Avg Rewards: [adversary_0: 6.66, adversary_1: 6.66, adversary_2: 6.66, agent_0: -12.16]
Ep 22000/60000 | Noise: 0.16 | Avg Rewards: [adversary_0: 6.60, adversary_1: 6.60, adversary_2: 6.60, agent_0: -11.90]
Ep 22500/60000 | Noise: 0.16 | Avg Rewards: [adversary_0: 7.40, adversary_1: 7.40, adversary_2: 7.40, agent_0: -12.92]
Ep 23000/60000 | Noise: 0.16 | Avg Rewards: [adversary_0: 5.38, adversary_1: 5.38, adversary_2: 5.38, agent_0: -11.14]
Ep 23500/60000 | Noise: 0.15 | Avg Rewards: [adversary_0: 5.72, adversary_1: 5.72, adversary_2: 5.72, agent_0: -10.70]
Ep 24000/60000 | Noise: 0.15 | Avg Rewards: [adversary_0: 6.78, adversary_1: 6.78, adversary_2: 6.78, agent_0: -12.71]
Ep 24500/60000 | Noise: 0.15 | Avg Rewards: [adversary_0: 5.52, adversary_1: 5.52, adversary_2: 5.52, agent_0: -11.01]
Ep 25000/60000 | Noise: 0.14 | Avg Rewards: [adversary_0: 6.36, adversary_1: 6.36, adversary_2: 6.36, agent_0: -11.77]
Ep 25500/60000 | Noise: 0.14 | Avg Rewards: [adversary_0: 5.16, adversary_1: 5.16, adversary_2: 5.16, agent_0: -9.80]
Ep 26000/60000 | Noise: 0.14 | Avg Rewards: [adversary_0: 5.26, adversary_1: 5.26, adversary_2: 5.26, agent_0: -10.83]
Ep 26500/60000 | Noise: 0.13 | Avg Rewards: [adversary_0: 6.14, adversary_1: 6.14, adversary_2: 6.14, agent_0: -11.25]
Ep 27000/60000 | Noise: 0.13 | Avg Rewards: [adversary_0: 6.52, adversary_1: 6.52, adversary_2: 6.52, agent_0: -12.06]
Ep 27500/60000 | Noise: 0.13 | Avg Rewards: [adversary_0: 5.96, adversary_1: 5.96, adversary_2: 5.96, agent_0: -11.51]
Ep 28000/60000 | Noise: 0.12 | Avg Rewards: [adversary_0: 6.22, adversary_1: 6.22, adversary_2: 6.22, agent_0: -11.70]
Ep 28500/60000 | Noise: 0.12 | Avg Rewards: [adversary_0: 5.78, adversary_1: 5.78, adversary_2: 5.78, agent_0: -11.38]
Ep 29000/60000 | Noise: 0.12 | Avg Rewards: [adversary_0: 6.36, adversary_1: 6.36, adversary_2: 6.36, agent_0: -11.51]
Ep 29500/60000 | Noise: 0.12 | Avg Rewards: [adversary_0: 6.16, adversary_1: 6.16, adversary_2: 6.16, agent_0: -11.37]
Ep 30000/60000 | Noise: 0.11 | Avg Rewards: [adversary_0: 5.98, adversary_1: 5.98, adversary_2: 5.98, agent_0: -11.84]
Ep 30500/60000 | Noise: 0.11 | Avg Rewards: [adversary_0: 5.22, adversary_1: 5.22, adversary_2: 5.22, agent_0: -11.36]
Ep 31000/60000 | Noise: 0.11 | Avg Rewards: [adversary_0: 5.14, adversary_1: 5.14, adversary_2: 5.14, agent_0: -10.92]
Ep 31500/60000 | Noise: 0.10 | Avg Rewards: [adversary_0: 5.88, adversary_1: 5.88, adversary_2: 5.88, agent_0: -11.73]
Ep 32000/60000 | Noise: 0.10 | Avg Rewards: [adversary_0: 6.40, adversary_1: 6.40, adversary_2: 6.40, agent_0: -12.39]
Ep 32500/60000 | Noise: 0.10 | Avg Rewards: [adversary_0: 6.80, adversary_1: 6.80, adversary_2: 6.80, agent_0: -12.55]
Ep 33000/60000 | Noise: 0.09 | Avg Rewards: [adversary_0: 5.38, adversary_1: 5.38, adversary_2: 5.38, agent_0: -10.74]
Ep 33500/60000 | Noise: 0.09 | Avg Rewards: [adversary_0: 6.64, adversary_1: 6.64, adversary_2: 6.64, agent_0: -12.37]
Ep 34000/60000 | Noise: 0.09 | Avg Rewards: [adversary_0: 6.06, adversary_1: 6.06, adversary_2: 6.06, agent_0: -11.55]
Ep 34500/60000 | Noise: 0.08 | Avg Rewards: [adversary_0: 6.54, adversary_1: 6.54, adversary_2: 6.54, agent_0: -12.06]
Ep 35000/60000 | Noise: 0.08 | Avg Rewards: [adversary_0: 6.86, adversary_1: 6.86, adversary_2: 6.86, agent_0: -11.61]
Ep 35500/60000 | Noise: 0.08 | Avg Rewards: [adversary_0: 6.82, adversary_1: 6.82, adversary_2: 6.82, agent_0: -12.79]
Ep 36000/60000 | Noise: 0.07 | Avg Rewards: [adversary_0: 6.12, adversary_1: 6.12, adversary_2: 6.12, agent_0: -10.84]
Ep 36500/60000 | Noise: 0.07 | Avg Rewards: [adversary_0: 5.88, adversary_1: 5.88, adversary_2: 5.88, agent_0: -11.01]
Ep 37000/60000 | Noise: 0.07 | Avg Rewards: [adversary_0: 5.82, adversary_1: 5.82, adversary_2: 5.82, agent_0: -10.90]
Ep 37500/60000 | Noise: 0.07 | Avg Rewards: [adversary_0: 5.32, adversary_1: 5.32, adversary_2: 5.32, agent_0: -10.10]
Ep 38000/60000 | Noise: 0.06 | Avg Rewards: [adversary_0: 6.42, adversary_1: 6.42, adversary_2: 6.42, agent_0: -11.52]
