– checkpoints gifs LICENSE logs pixi.lock pixi.toml README.md results scripts slides slurm-out-iddpg_01.log slurm-out-iddpg_fast.log slurm-out-maddpg_01.log slurm-out-maddpg_fast.log src 81

Job started: Thu Jun 18 10:42:21 PM UTC 2026
Host: gpunode01.dyn.scc.plus.ac.at
Python Version:
Python 3.12.13
===============================
Training started: Thu Jun 18 10:42:21 PM UTC 2026

Using device: cuda
error: XDG_RUNTIME_DIR is invalid or not set in the environment.
Starting Training (Independent DDPG) - FAST MODE...
Ep 00500/60000 | Noise: 0.30 | Avg Rewards: [adversary_0: 7.40, adversary_1: 7.40, adversary_2: 7.40, agent_0: -14.42]
Ep 01000/60000 | Noise: 0.29 | Avg Rewards: [adversary_0: 8.68, adversary_1: 8.68, adversary_2: 8.68, agent_0: -10.99]
Ep 01500/60000 | Noise: 0.29 | Avg Rewards: [adversary_0: 8.54, adversary_1: 8.54, adversary_2: 8.54, agent_0: -10.26]
Ep 02000/60000 | Noise: 0.29 | Avg Rewards: [adversary_0: 11.28, adversary_1: 11.28, adversary_2: 11.28, agent_0: -12.03]
Ep 02500/60000 | Noise: 0.28 | Avg Rewards: [adversary_0: 16.56, adversary_1: 16.56, adversary_2: 16.56, agent_0: -17.63]
Ep 03000/60000 | Noise: 0.28 | Avg Rewards: [adversary_0: 23.22, adversary_1: 23.22, adversary_2: 23.22, agent_0: -24.71]
Ep 03500/60000 | Noise: 0.28 | Avg Rewards: [adversary_0: 21.68, adversary_1: 21.68, adversary_2: 21.68, agent_0: -24.21]
Ep 04000/60000 | Noise: 0.27 | Avg Rewards: [adversary_0: 26.14, adversary_1: 26.14, adversary_2: 26.14, agent_0: -28.01]
Ep 04500/60000 | Noise: 0.27 | Avg Rewards: [adversary_0: 28.50, adversary_1: 28.50, adversary_2: 28.50, agent_0: -30.11]
Ep 05000/60000 | Noise: 0.27 | Avg Rewards: [adversary_0: 31.04, adversary_1: 31.04, adversary_2: 31.04, agent_0: -34.08]
Ep 05500/60000 | Noise: 0.27 | Avg Rewards: [adversary_0: 29.64, adversary_1: 29.64, adversary_2: 29.64, agent_0: -34.19]
Ep 06000/60000 | Noise: 0.26 | Avg Rewards: [adversary_0: 26.00, adversary_1: 26.00, adversary_2: 26.00, agent_0: -31.45]
Ep 06500/60000 | Noise: 0.26 | Avg Rewards: [adversary_0: 24.66, adversary_1: 24.66, adversary_2: 24.66, agent_0: -30.55]
Ep 07000/60000 | Noise: 0.26 | Avg Rewards: [adversary_0: 24.62, adversary_1: 24.62, adversary_2: 24.62, agent_0: -32.15]
Ep 07500/60000 | Noise: 0.25 | Avg Rewards: [adversary_0: 25.30, adversary_1: 25.30, adversary_2: 25.30, agent_0: -30.83]
Ep 08000/60000 | Noise: 0.25 | Avg Rewards: [adversary_0: 22.18, adversary_1: 22.18, adversary_2: 22.18, agent_0: -26.71]
Ep 08500/60000 | Noise: 0.25 | Avg Rewards: [adversary_0: 18.82, adversary_1: 18.82, adversary_2: 18.82, agent_0: -24.67]
Ep 09000/60000 | Noise: 0.24 | Avg Rewards: [adversary_0: 21.32, adversary_1: 21.32, adversary_2: 21.32, agent_0: -27.61]
Ep 09500/60000 | Noise: 0.24 | Avg Rewards: [adversary_0: 19.08, adversary_1: 19.08, adversary_2: 19.08, agent_0: -24.01]
Ep 10000/60000 | Noise: 0.24 | Avg Rewards: [adversary_0: 18.02, adversary_1: 18.02, adversary_2: 18.02, agent_0: -22.86]
Ep 10500/60000 | Noise: 0.23 | Avg Rewards: [adversary_0: 18.22, adversary_1: 18.22, adversary_2: 18.22, agent_0: -26.09]
Ep 11000/60000 | Noise: 0.23 | Avg Rewards: [adversary_0: 16.70, adversary_1: 16.70, adversary_2: 16.70, agent_0: -25.80]
Ep 11500/60000 | Noise: 0.23 | Avg Rewards: [adversary_0: 18.88, adversary_1: 18.88, adversary_2: 18.88, agent_0: -23.86]
Ep 12000/60000 | Noise: 0.22 | Avg Rewards: [adversary_0: 19.12, adversary_1: 19.12, adversary_2: 19.12, agent_0: -23.28]
Ep 12500/60000 | Noise: 0.22 | Avg Rewards: [adversary_0: 17.88, adversary_1: 17.88, adversary_2: 17.88, agent_0: -22.35]
Ep 13000/60000 | Noise: 0.22 | Avg Rewards: [adversary_0: 19.82, adversary_1: 19.82, adversary_2: 19.82, agent_0: -25.32]
Ep 13500/60000 | Noise: 0.22 | Avg Rewards: [adversary_0: 17.98, adversary_1: 17.98, adversary_2: 17.98, agent_0: -23.80]
Ep 14000/60000 | Noise: 0.21 | Avg Rewards: [adversary_0: 21.08, adversary_1: 21.08, adversary_2: 21.08, agent_0: -25.98]
Ep 14500/60000 | Noise: 0.21 | Avg Rewards: [adversary_0: 18.30, adversary_1: 18.30, adversary_2: 18.30, agent_0: -24.01]
Ep 15000/60000 | Noise: 0.21 | Avg Rewards: [adversary_0: 18.90, adversary_1: 18.90, adversary_2: 18.90, agent_0: -24.60]
Ep 15500/60000 | Noise: 0.20 | Avg Rewards: [adversary_0: 20.40, adversary_1: 20.40, adversary_2: 20.40, agent_0: -25.90]
Ep 16000/60000 | Noise: 0.20 | Avg Rewards: [adversary_0: 21.74, adversary_1: 21.74, adversary_2: 21.74, agent_0: -28.04]
Ep 16500/60000 | Noise: 0.20 | Avg Rewards: [adversary_0: 21.08, adversary_1: 21.08, adversary_2: 21.08, agent_0: -28.10]
Ep 17000/60000 | Noise: 0.19 | Avg Rewards: [adversary_0: 21.84, adversary_1: 21.84, adversary_2: 21.84, agent_0: -29.06]
Ep 17500/60000 | Noise: 0.19 | Avg Rewards: [adversary_0: 19.76, adversary_1: 19.76, adversary_2: 19.76, agent_0: -25.86]
Ep 18000/60000 | Noise: 0.19 | Avg Rewards: [adversary_0: 20.36, adversary_1: 20.36, adversary_2: 20.36, agent_0: -26.08]
Ep 18500/60000 | Noise: 0.18 | Avg Rewards: [adversary_0: 19.80, adversary_1: 19.80, adversary_2: 19.80, agent_0: -26.48]
Ep 19000/60000 | Noise: 0.18 | Avg Rewards: [adversary_0: 21.78, adversary_1: 21.78, adversary_2: 21.78, agent_0: -28.42]
Ep 19500/60000 | Noise: 0.18 | Avg Rewards: [adversary_0: 21.92, adversary_1: 21.92, adversary_2: 21.92, agent_0: -30.71]
Ep 20000/60000 | Noise: 0.17 | Avg Rewards: [adversary_0: 22.12, adversary_1: 22.12, adversary_2: 22.12, agent_0: -28.42]
Ep 20500/60000 | Noise: 0.17 | Avg Rewards: [adversary_0: 23.62, adversary_1: 23.62, adversary_2: 23.62, agent_0: -29.94]
Ep 21000/60000 | Noise: 0.17 | Avg Rewards: [adversary_0: 19.52, adversary_1: 19.52, adversary_2: 19.52, agent_0: -25.46]
Ep 21500/60000 | Noise: 0.17 | Avg Rewards: [adversary_0: 19.78, adversary_1: 19.78, adversary_2: 19.78, agent_0: -26.82]
Ep 22000/60000 | Noise: 0.16 | Avg Rewards: [adversary_0: 20.04, adversary_1: 20.04, adversary_2: 20.04, agent_0: -26.60]
Ep 22500/60000 | Noise: 0.16 | Avg Rewards: [adversary_0: 18.16, adversary_1: 18.16, adversary_2: 18.16, agent_0: -25.02]
Ep 23000/60000 | Noise: 0.16 | Avg Rewards: [adversary_0: 18.04, adversary_1: 18.04, adversary_2: 18.04, agent_0: -24.74]
Ep 23500/60000 | Noise: 0.15 | Avg Rewards: [adversary_0: 20.82, adversary_1: 20.82, adversary_2: 20.82, agent_0: -27.76]
Ep 24000/60000 | Noise: 0.15 | Avg Rewards: [adversary_0: 19.00, adversary_1: 19.00, adversary_2: 19.00, agent_0: -26.13]
Ep 24500/60000 | Noise: 0.15 | Avg Rewards: [adversary_0: 18.06, adversary_1: 18.06, adversary_2: 18.06, agent_0: -25.26]
Ep 25000/60000 | Noise: 0.14 | Avg Rewards: [adversary_0: 17.32, adversary_1: 17.32, adversary_2: 17.32, agent_0: -23.64]
Ep 25500/60000 | Noise: 0.14 | Avg Rewards: [adversary_0: 17.76, adversary_1: 17.76, adversary_2: 17.76, agent_0: -24.66]
Ep 26000/60000 | Noise: 0.14 | Avg Rewards: [adversary_0: 16.38, adversary_1: 16.38, adversary_2: 16.38, agent_0: -23.92]
Ep 26500/60000 | Noise: 0.13 | Avg Rewards: [adversary_0: 16.02, adversary_1: 16.02, adversary_2: 16.02, agent_0: -24.13]
Ep 27000/60000 | Noise: 0.13 | Avg Rewards: [adversary_0: 19.02, adversary_1: 19.02, adversary_2: 19.02, agent_0: -27.89]
Ep 27500/60000 | Noise: 0.13 | Avg Rewards: [adversary_0: 16.66, adversary_1: 16.66, adversary_2: 16.66, agent_0: -24.84]
Ep 28000/60000 | Noise: 0.12 | Avg Rewards: [adversary_0: 18.04, adversary_1: 18.04, adversary_2: 18.04, agent_0: -25.55]
Ep 28500/60000 | Noise: 0.12 | Avg Rewards: [adversary_0: 15.92, adversary_1: 15.92, adversary_2: 15.92, agent_0: -23.25]
Ep 29000/60000 | Noise: 0.12 | Avg Rewards: [adversary_0: 15.30, adversary_1: 15.30, adversary_2: 15.30, agent_0: -22.51]
Ep 29500/60000 | Noise: 0.12 | Avg Rewards: [adversary_0: 16.80, adversary_1: 16.80, adversary_2: 16.80, agent_0: -23.24]
Ep 30000/60000 | Noise: 0.11 | Avg Rewards: [adversary_0: 16.44, adversary_1: 16.44, adversary_2: 16.44, agent_0: -22.69]
Ep 30500/60000 | Noise: 0.11 | Avg Rewards: [adversary_0: 18.34, adversary_1: 18.34, adversary_2: 18.34, agent_0: -25.02]
Ep 31000/60000 | Noise: 0.11 | Avg Rewards: [adversary_0: 15.98, adversary_1: 15.98, adversary_2: 15.98, agent_0: -22.35]
Ep 31500/60000 | Noise: 0.10 | Avg Rewards: [adversary_0: 15.80, adversary_1: 15.80, adversary_2: 15.80, agent_0: -22.36]
Ep 32000/60000 | Noise: 0.10 | Avg Rewards: [adversary_0: 15.72, adversary_1: 15.72, adversary_2: 15.72, agent_0: -22.12]
Ep 32500/60000 | Noise: 0.10 | Avg Rewards: [adversary_0: 16.16, adversary_1: 16.16, adversary_2: 16.16, agent_0: -23.78]
Ep 33000/60000 | Noise: 0.09 | Avg Rewards: [adversary_0: 17.08, adversary_1: 17.08, adversary_2: 17.08, agent_0: -23.57]
Ep 33500/60000 | Noise: 0.09 | Avg Rewards: [adversary_0: 15.74, adversary_1: 15.74, adversary_2: 15.74, agent_0: -22.11]
Ep 34000/60000 | Noise: 0.09 | Avg Rewards: [adversary_0: 16.08, adversary_1: 16.08, adversary_2: 16.08, agent_0: -22.14]
Ep 34500/60000 | Noise: 0.08 | Avg Rewards: [adversary_0: 14.66, adversary_1: 14.66, adversary_2: 14.66, agent_0: -21.13]
Ep 35000/60000 | Noise: 0.08 | Avg Rewards: [adversary_0: 15.56, adversary_1: 15.56, adversary_2: 15.56, agent_0: -21.70]
Ep 35500/60000 | Noise: 0.08 | Avg Rewards: [adversary_0: 14.58, adversary_1: 14.58, adversary_2: 14.58, agent_0: -21.22]
Ep 36000/60000 | Noise: 0.07 | Avg Rewards: [adversary_0: 13.94, adversary_1: 13.94, adversary_2: 13.94, agent_0: -19.27]
Ep 36500/60000 | Noise: 0.07 | Avg Rewards: [adversary_0: 15.14, adversary_1: 15.14, adversary_2: 15.14, agent_0: -20.97]
Ep 37000/60000 | Noise: 0.07 | Avg Rewards: [adversary_0: 16.70, adversary_1: 16.70, adversary_2: 16.70, agent_0: -22.58]
Ep 37500/60000 | Noise: 0.07 | Avg Rewards: [adversary_0: 15.22, adversary_1: 15.22, adversary_2: 15.22, agent_0: -20.70]
Ep 38000/60000 | Noise: 0.06 | Avg Rewards: [adversary_0: 15.24, adversary_1: 15.24, adversary_2: 15.24, agent_0: -21.69]
Ep 38500/60000 | Noise: 0.06 | Avg Rewards: [adversary_0: 16.10, adversary_1: 16.10, adversary_2: 16.10, agent_0: -22.50]
Ep 39000/60000 | Noise: 0.06 | Avg Rewards: [adversary_0: 17.04, adversary_1: 17.04, adversary_2: 17.04, agent_0: -23.37]
Ep 39500/60000 | Noise: 0.05 | Avg Rewards: [adversary_0: 16.64, adversary_1: 16.64, adversary_2: 16.64, agent_0: -22.72]
Ep 40000/60000 | Noise: 0.05 | Avg Rewards: [adversary_0: 16.04, adversary_1: 16.04, adversary_2: 16.04, agent_0: -22.62]
Ep 40500/60000 | Noise: 0.05 | Avg Rewards: [adversary_0: 16.80, adversary_1: 16.80, adversary_2: 16.80, agent_0: -22.90]
Ep 41000/60000 | Noise: 0.05 | Avg Rewards: [adversary_0: 14.06, adversary_1: 14.06, adversary_2: 14.06, agent_0: -20.27]
Ep 41500/60000 | Noise: 0.05 | Avg Rewards: [adversary_0: 14.52, adversary_1: 14.52, adversary_2: 14.52, agent_0: -21.13]
Ep 42000/60000 | Noise: 0.05 | Avg Rewards: [adversary_0: 14.02, adversary_1: 14.02, adversary_2: 14.02, agent_0: -20.73]
Ep 42500/60000 | Noise: 0.05 | Avg Rewards: [adversary_0: 11.66, adversary_1: 11.66, adversary_2: 11.66, agent_0: -19.30]
Ep 43000/60000 | Noise: 0.05 | Avg Rewards: [adversary_0: 12.84, adversary_1: 12.84, adversary_2: 12.84, agent_0: -20.22]
Ep 43500/60000 | Noise: 0.05 | Avg Rewards: [adversary_0: 12.94, adversary_1: 12.94, adversary_2: 12.94, agent_0: -20.16]
Ep 44000/60000 | Noise: 0.05 | Avg Rewards: [adversary_0: 12.28, adversary_1: 12.28, adversary_2: 12.28, agent_0: -18.36]
Ep 44500/60000 | Noise: 0.05 | Avg Rewards: [adversary_0: 12.46, adversary_1: 12.46, adversary_2: 12.46, agent_0: -19.47]
Ep 45000/60000 | Noise: 0.05 | Avg Rewards: [adversary_0: 14.00, adversary_1: 14.00, adversary_2: 14.00, agent_0: -20.55]
Ep 45500/60000 | Noise: 0.05 | Avg Rewards: [adversary_0: 12.38, adversary_1: 12.38, adversary_2: 12.38, agent_0: -18.65]
Ep 46000/60000 | Noise: 0.05 | Avg Rewards: [adversary_0: 11.64, adversary_1: 11.64, adversary_2: 11.64, agent_0: -17.82]
Ep 46500/60000 | Noise: 0.05 | Avg Rewards: [adversary_0: 13.16, adversary_1: 13.16, adversary_2: 13.16, agent_0: -19.38]
Ep 47000/60000 | Noise: 0.05 | Avg Rewards: [adversary_0: 11.62, adversary_1: 11.62, adversary_2: 11.62, agent_0: -17.09]
Ep 47500/60000 | Noise: 0.05 | Avg Rewards: [adversary_0: 13.18, adversary_1: 13.18, adversary_2: 13.18, agent_0: -19.85]
Ep 48000/60000 | Noise: 0.05 | Avg Rewards: [adversary_0: 11.98, adversary_1: 11.98, adversary_2: 11.98, agent_0: -18.04]
Ep 48500/60000 | Noise: 0.05 | Avg Rewards: [adversary_0: 13.76, adversary_1: 13.76, adversary_2: 13.76, agent_0: -19.80]
Ep 49000/60000 | Noise: 0.05 | Avg Rewards: [adversary_0: 11.58, adversary_1: 11.58, adversary_2: 11.58, agent_0: -17.55]
Ep 49500/60000 | Noise: 0.05 | Avg Rewards: [adversary_0: 12.68, adversary_1: 12.68, adversary_2: 12.68, agent_0: -18.82]
Ep 50000/60000 | Noise: 0.05 | Avg Rewards: [adversary_0: 12.80, adversary_1: 12.80, adversary_2: 12.80, agent_0: -19.13]
Ep 50500/60000 | Noise: 0.05 | Avg Rewards: [adversary_0: 12.28, adversary_1: 12.28, adversary_2: 12.28, agent_0: -18.36]
Ep 51000/60000 | Noise: 0.05 | Avg Rewards: [adversary_0: 12.98, adversary_1: 12.98, adversary_2: 12.98, agent_0: -19.21]
Ep 51500/60000 | Noise: 0.05 | Avg Rewards: [adversary_0: 11.84, adversary_1: 11.84, adversary_2: 11.84, agent_0: -17.72]
Ep 52000/60000 | Noise: 0.05 | Avg Rewards: [adversary_0: 11.76, adversary_1: 11.76, adversary_2: 11.76, agent_0: -18.26]
Ep 52500/60000 | Noise: 0.05 | Avg Rewards: [adversary_0: 13.24, adversary_1: 13.24, adversary_2: 13.24, agent_0: -20.18]
Ep 53000/60000 | Noise: 0.05 | Avg Rewards: [adversary_0: 11.34, adversary_1: 11.34, adversary_2: 11.34, agent_0: -17.90]
Ep 53500/60000 | Noise: 0.05 | Avg Rewards: [adversary_0: 11.80, adversary_1: 11.80, adversary_2: 11.80, agent_0: -17.77]
Ep 54000/60000 | Noise: 0.05 | Avg Rewards: [adversary_0: 11.20, adversary_1: 11.20, adversary_2: 11.20, agent_0: -17.40]
Ep 54500/60000 | Noise: 0.05 | Avg Rewards: [adversary_0: 11.76, adversary_1: 11.76, adversary_2: 11.76, agent_0: -18.15]
Ep 55000/60000 | Noise: 0.05 | Avg Rewards: [adversary_0: 11.24, adversary_1: 11.24, adversary_2: 11.24, agent_0: -16.82]
Ep 55500/60000 | Noise: 0.05 | Avg Rewards: [adversary_0: 10.28, adversary_1: 10.28, adversary_2: 10.28, agent_0: -16.43]
Ep 56000/60000 | Noise: 0.05 | Avg Rewards: [adversary_0: 10.90, adversary_1: 10.90, adversary_2: 10.90, agent_0: -16.98]
Ep 56500/60000 | Noise: 0.05 | Avg Rewards: [adversary_0: 10.94, adversary_1: 10.94, adversary_2: 10.94, agent_0: -16.78]
Ep 57000/60000 | Noise: 0.05 | Avg Rewards: [adversary_0: 11.94, adversary_1: 11.94, adversary_2: 11.94, agent_0: -17.53]
Ep 57500/60000 | Noise: 0.05 | Avg Rewards: [adversary_0: 11.68, adversary_1: 11.68, adversary_2: 11.68, agent_0: -18.32]
Ep 58000/60000 | Noise: 0.05 | Avg Rewards: [adversary_0: 9.88, adversary_1: 9.88, adversary_2: 9.88, agent_0: -15.94]
Ep 58500/60000 | Noise: 0.05 | Avg Rewards: [adversary_0: 11.70, adversary_1: 11.70, adversary_2: 11.70, agent_0: -17.32]
Ep 59000/60000 | Noise: 0.05 | Avg Rewards: [adversary_0: 11.38, adversary_1: 11.38, adversary_2: 11.38, agent_0: -17.49]
Ep 59500/60000 | Noise: 0.05 | Avg Rewards: [adversary_0: 10.64, adversary_1: 10.64, adversary_2: 10.64, agent_0: -17.46]
Ep 60000/60000 | Noise: 0.05 | Avg Rewards: [adversary_0: 9.70, adversary_1: 9.70, adversary_2: 9.70, agent_0: -15.56]
Training complete! Logs saved to results/iddpg_fast_run_rewards.csv

Training finished: Fri Jun 19 03:48:57 AM UTC 2026
===============================
Evaluation started: Fri Jun 19 03:48:57 AM UTC 2026

Loaded episode 60000 from checkpoints/iddpg/fast_run
Saved GIF to gifs/iddpg_fast_run_trained.gif

Evaluation finished: Fri Jun 19 03:49:08 AM UTC 2026

– checkpoints gifs LICENSE logs pixi.lock pixi.toml README.md results scripts slides slurm-out-iddpg_01.log slurm-out-iddpg_fast.log slurm-out-maddpg_01.log slurm-out-maddpg_fast.log src 81
