– checkpoints gifs LICENSE logs pixi.lock pixi.toml README.md results scripts slides slurm-out-iddpg_01.log slurm-out-maddpg_01.log slurm-out-maddpg_fast.log src 81

Job started: Thu Jun 18 10:42:15 PM UTC 2026
Host: gpunode09.dyn.scc.plus.ac.at
Python Version:
Python 3.12.13
===============================
Training started: Thu Jun 18 10:42:15 PM UTC 2026

Using device: cuda
error: XDG_RUNTIME_DIR is invalid or not set in the environment.
Starting Training (Independent DDPG)...
Ep 00500/60000 | Noise: 0.30 | Avg Rewards: [adversary_0: 5.66, adversary_1: 5.66, adversary_2: 5.66, agent_0: -17.04]
Ep 01000/60000 | Noise: 0.29 | Avg Rewards: [adversary_0: 9.10, adversary_1: 9.10, adversary_2: 9.10, agent_0: -13.63]
Ep 01500/60000 | Noise: 0.29 | Avg Rewards: [adversary_0: 6.06, adversary_1: 6.06, adversary_2: 6.06, agent_0: -8.53]
Ep 02000/60000 | Noise: 0.29 | Avg Rewards: [adversary_0: 6.48, adversary_1: 6.48, adversary_2: 6.48, agent_0: -8.23]
Ep 02500/60000 | Noise: 0.28 | Avg Rewards: [adversary_0: 5.78, adversary_1: 5.78, adversary_2: 5.78, agent_0: -7.36]
Ep 03000/60000 | Noise: 0.28 | Avg Rewards: [adversary_0: 6.30, adversary_1: 6.30, adversary_2: 6.30, agent_0: -7.83]
Ep 03500/60000 | Noise: 0.28 | Avg Rewards: [adversary_0: 5.58, adversary_1: 5.58, adversary_2: 5.58, agent_0: -7.54]
Ep 04000/60000 | Noise: 0.27 | Avg Rewards: [adversary_0: 5.60, adversary_1: 5.60, adversary_2: 5.60, agent_0: -6.66]
Ep 04500/60000 | Noise: 0.27 | Avg Rewards: [adversary_0: 5.08, adversary_1: 5.08, adversary_2: 5.08, agent_0: -6.57]
Ep 05000/60000 | Noise: 0.27 | Avg Rewards: [adversary_0: 6.64, adversary_1: 6.64, adversary_2: 6.64, agent_0: -7.85]
Ep 05500/60000 | Noise: 0.27 | Avg Rewards: [adversary_0: 5.10, adversary_1: 5.10, adversary_2: 5.10, agent_0: -6.61]
Ep 06000/60000 | Noise: 0.26 | Avg Rewards: [adversary_0: 5.92, adversary_1: 5.92, adversary_2: 5.92, agent_0: -7.17]
Ep 06500/60000 | Noise: 0.26 | Avg Rewards: [adversary_0: 6.44, adversary_1: 6.44, adversary_2: 6.44, agent_0: -8.10]
Ep 07000/60000 | Noise: 0.26 | Avg Rewards: [adversary_0: 4.62, adversary_1: 4.62, adversary_2: 4.62, agent_0: -6.25]
Ep 07500/60000 | Noise: 0.25 | Avg Rewards: [adversary_0: 5.06, adversary_1: 5.06, adversary_2: 5.06, agent_0: -6.17]
Ep 08000/60000 | Noise: 0.25 | Avg Rewards: [adversary_0: 5.54, adversary_1: 5.54, adversary_2: 5.54, agent_0: -6.70]
Ep 08500/60000 | Noise: 0.25 | Avg Rewards: [adversary_0: 5.08, adversary_1: 5.08, adversary_2: 5.08, agent_0: -6.85]
Ep 09000/60000 | Noise: 0.24 | Avg Rewards: [adversary_0: 5.12, adversary_1: 5.12, adversary_2: 5.12, agent_0: -6.83]
Ep 09500/60000 | Noise: 0.24 | Avg Rewards: [adversary_0: 5.36, adversary_1: 5.36, adversary_2: 5.36, agent_0: -6.45]
Ep 10000/60000 | Noise: 0.24 | Avg Rewards: [adversary_0: 6.04, adversary_1: 6.04, adversary_2: 6.04, agent_0: -6.92]
Ep 10500/60000 | Noise: 0.23 | Avg Rewards: [adversary_0: 6.72, adversary_1: 6.72, adversary_2: 6.72, agent_0: -7.99]
Ep 11000/60000 | Noise: 0.23 | Avg Rewards: [adversary_0: 6.10, adversary_1: 6.10, adversary_2: 6.10, agent_0: -7.95]
Ep 11500/60000 | Noise: 0.23 | Avg Rewards: [adversary_0: 7.18, adversary_1: 7.18, adversary_2: 7.18, agent_0: -8.55]
Ep 12000/60000 | Noise: 0.22 | Avg Rewards: [adversary_0: 10.28, adversary_1: 10.28, adversary_2: 10.28, agent_0: -11.70]
Ep 12500/60000 | Noise: 0.22 | Avg Rewards: [adversary_0: 13.92, adversary_1: 13.92, adversary_2: 13.92, agent_0: -15.82]
Ep 13000/60000 | Noise: 0.22 | Avg Rewards: [adversary_0: 17.06, adversary_1: 17.06, adversary_2: 17.06, agent_0: -19.10]
Ep 13500/60000 | Noise: 0.22 | Avg Rewards: [adversary_0: 18.20, adversary_1: 18.20, adversary_2: 18.20, agent_0: -19.97]
Ep 14000/60000 | Noise: 0.21 | Avg Rewards: [adversary_0: 18.64, adversary_1: 18.64, adversary_2: 18.64, agent_0: -20.85]
Ep 14500/60000 | Noise: 0.21 | Avg Rewards: [adversary_0: 16.02, adversary_1: 16.02, adversary_2: 16.02, agent_0: -19.04]
Ep 15000/60000 | Noise: 0.21 | Avg Rewards: [adversary_0: 14.62, adversary_1: 14.62, adversary_2: 14.62, agent_0: -17.08]
Ep 15500/60000 | Noise: 0.20 | Avg Rewards: [adversary_0: 13.78, adversary_1: 13.78, adversary_2: 13.78, agent_0: -15.71]
Ep 16000/60000 | Noise: 0.20 | Avg Rewards: [adversary_0: 10.04, adversary_1: 10.04, adversary_2: 10.04, agent_0: -13.32]
Ep 16500/60000 | Noise: 0.20 | Avg Rewards: [adversary_0: 9.14, adversary_1: 9.14, adversary_2: 9.14, agent_0: -12.61]
Ep 17000/60000 | Noise: 0.19 | Avg Rewards: [adversary_0: 10.36, adversary_1: 10.36, adversary_2: 10.36, agent_0: -13.09]
Ep 17500/60000 | Noise: 0.19 | Avg Rewards: [adversary_0: 10.02, adversary_1: 10.02, adversary_2: 10.02, agent_0: -12.36]
Ep 18000/60000 | Noise: 0.19 | Avg Rewards: [adversary_0: 9.56, adversary_1: 9.56, adversary_2: 9.56, agent_0: -11.82]
Ep 18500/60000 | Noise: 0.18 | Avg Rewards: [adversary_0: 9.06, adversary_1: 9.06, adversary_2: 9.06, agent_0: -11.57]
Ep 19000/60000 | Noise: 0.18 | Avg Rewards: [adversary_0: 9.50, adversary_1: 9.50, adversary_2: 9.50, agent_0: -12.37]
Ep 19500/60000 | Noise: 0.18 | Avg Rewards: [adversary_0: 8.18, adversary_1: 8.18, adversary_2: 8.18, agent_0: -10.91]
Ep 20000/60000 | Noise: 0.17 | Avg Rewards: [adversary_0: 10.16, adversary_1: 10.16, adversary_2: 10.16, agent_0: -13.04]
Ep 20500/60000 | Noise: 0.17 | Avg Rewards: [adversary_0: 10.00, adversary_1: 10.00, adversary_2: 10.00, agent_0: -12.44]
Ep 21000/60000 | Noise: 0.17 | Avg Rewards: [adversary_0: 9.58, adversary_1: 9.58, adversary_2: 9.58, agent_0: -12.50]
Ep 21500/60000 | Noise: 0.17 | Avg Rewards: [adversary_0: 8.52, adversary_1: 8.52, adversary_2: 8.52, agent_0: -11.78]
Ep 22000/60000 | Noise: 0.16 | Avg Rewards: [adversary_0: 6.96, adversary_1: 6.96, adversary_2: 6.96, agent_0: -10.08]
Ep 22500/60000 | Noise: 0.16 | Avg Rewards: [adversary_0: 7.92, adversary_1: 7.92, adversary_2: 7.92, agent_0: -10.67]
Ep 23000/60000 | Noise: 0.16 | Avg Rewards: [adversary_0: 8.04, adversary_1: 8.04, adversary_2: 8.04, agent_0: -10.68]
Ep 23500/60000 | Noise: 0.15 | Avg Rewards: [adversary_0: 7.92, adversary_1: 7.92, adversary_2: 7.92, agent_0: -10.12]
Ep 24000/60000 | Noise: 0.15 | Avg Rewards: [adversary_0: 6.92, adversary_1: 6.92, adversary_2: 6.92, agent_0: -9.50]
Ep 24500/60000 | Noise: 0.15 | Avg Rewards: [adversary_0: 6.62, adversary_1: 6.62, adversary_2: 6.62, agent_0: -9.46]
Ep 25000/60000 | Noise: 0.14 | Avg Rewards: [adversary_0: 7.52, adversary_1: 7.52, adversary_2: 7.52, agent_0: -10.38]
Ep 25500/60000 | Noise: 0.14 | Avg Rewards: [adversary_0: 6.90, adversary_1: 6.90, adversary_2: 6.90, agent_0: -9.45]
Ep 26000/60000 | Noise: 0.14 | Avg Rewards: [adversary_0: 6.20, adversary_1: 6.20, adversary_2: 6.20, agent_0: -9.57]
Ep 26500/60000 | Noise: 0.13 | Avg Rewards: [adversary_0: 7.56, adversary_1: 7.56, adversary_2: 7.56, agent_0: -11.01]
Ep 27000/60000 | Noise: 0.13 | Avg Rewards: [adversary_0: 7.26, adversary_1: 7.26, adversary_2: 7.26, agent_0: -10.68]
Ep 27500/60000 | Noise: 0.13 | Avg Rewards: [adversary_0: 6.74, adversary_1: 6.74, adversary_2: 6.74, agent_0: -10.25]
Ep 28000/60000 | Noise: 0.12 | Avg Rewards: [adversary_0: 7.10, adversary_1: 7.10, adversary_2: 7.10, agent_0: -10.71]
Ep 28500/60000 | Noise: 0.12 | Avg Rewards: [adversary_0: 8.14, adversary_1: 8.14, adversary_2: 8.14, agent_0: -11.88]
Ep 29000/60000 | Noise: 0.12 | Avg Rewards: [adversary_0: 6.98, adversary_1: 6.98, adversary_2: 6.98, agent_0: -11.06]
Ep 29500/60000 | Noise: 0.12 | Avg Rewards: [adversary_0: 7.06, adversary_1: 7.06, adversary_2: 7.06, agent_0: -10.87]
Ep 30000/60000 | Noise: 0.11 | Avg Rewards: [adversary_0: 6.76, adversary_1: 6.76, adversary_2: 6.76, agent_0: -10.52]
Ep 30500/60000 | Noise: 0.11 | Avg Rewards: [adversary_0: 5.94, adversary_1: 5.94, adversary_2: 5.94, agent_0: -9.58]
Ep 31000/60000 | Noise: 0.11 | Avg Rewards: [adversary_0: 5.72, adversary_1: 5.72, adversary_2: 5.72, agent_0: -9.48]
Ep 31500/60000 | Noise: 0.10 | Avg Rewards: [adversary_0: 6.32, adversary_1: 6.32, adversary_2: 6.32, agent_0: -10.30]
Ep 32000/60000 | Noise: 0.10 | Avg Rewards: [adversary_0: 5.76, adversary_1: 5.76, adversary_2: 5.76, agent_0: -9.82]
Ep 32500/60000 | Noise: 0.10 | Avg Rewards: [adversary_0: 5.60, adversary_1: 5.60, adversary_2: 5.60, agent_0: -9.31]
Ep 33000/60000 | Noise: 0.09 | Avg Rewards: [adversary_0: 5.44, adversary_1: 5.44, adversary_2: 5.44, agent_0: -8.68]
Ep 33500/60000 | Noise: 0.09 | Avg Rewards: [adversary_0: 5.04, adversary_1: 5.04, adversary_2: 5.04, agent_0: -8.31]
Ep 34000/60000 | Noise: 0.09 | Avg Rewards: [adversary_0: 5.70, adversary_1: 5.70, adversary_2: 5.70, agent_0: -8.86]
Ep 34500/60000 | Noise: 0.08 | Avg Rewards: [adversary_0: 4.26, adversary_1: 4.26, adversary_2: 4.26, agent_0: -7.64]
Ep 35000/60000 | Noise: 0.08 | Avg Rewards: [adversary_0: 4.46, adversary_1: 4.46, adversary_2: 4.46, agent_0: -7.99]
Ep 35500/60000 | Noise: 0.08 | Avg Rewards: [adversary_0: 4.44, adversary_1: 4.44, adversary_2: 4.44, agent_0: -8.05]
Ep 36000/60000 | Noise: 0.07 | Avg Rewards: [adversary_0: 4.66, adversary_1: 4.66, adversary_2: 4.66, agent_0: -8.41]
Ep 36500/60000 | Noise: 0.07 | Avg Rewards: [adversary_0: 3.90, adversary_1: 3.90, adversary_2: 3.90, agent_0: -7.16]
Ep 37000/60000 | Noise: 0.07 | Avg Rewards: [adversary_0: 3.56, adversary_1: 3.56, adversary_2: 3.56, agent_0: -6.55]
Ep 37500/60000 | Noise: 0.07 | Avg Rewards: [adversary_0: 4.38, adversary_1: 4.38, adversary_2: 4.38, agent_0: -7.26]
Ep 38000/60000 | Noise: 0.06 | Avg Rewards: [adversary_0: 4.14, adversary_1: 4.14, adversary_2: 4.14, agent_0: -6.90]
Ep 38500/60000 | Noise: 0.06 | Avg Rewards: [adversary_0: 4.80, adversary_1: 4.80, adversary_2: 4.80, agent_0: -7.39]
Ep 39000/60000 | Noise: 0.06 | Avg Rewards: [adversary_0: 4.86, adversary_1: 4.86, adversary_2: 4.86, agent_0: -7.09]
Ep 39500/60000 | Noise: 0.05 | Avg Rewards: [adversary_0: 4.10, adversary_1: 4.10, adversary_2: 4.10, agent_0: -6.36]
Ep 40000/60000 | Noise: 0.05 | Avg Rewards: [adversary_0: 4.90, adversary_1: 4.90, adversary_2: 4.90, agent_0: -6.96]
Ep 40500/60000 | Noise: 0.05 | Avg Rewards: [adversary_0: 4.72, adversary_1: 4.72, adversary_2: 4.72, agent_0: -7.21]
Ep 41000/60000 | Noise: 0.05 | Avg Rewards: [adversary_0: 5.56, adversary_1: 5.56, adversary_2: 5.56, agent_0: -8.16]
Ep 41500/60000 | Noise: 0.05 | Avg Rewards: [adversary_0: 6.84, adversary_1: 6.84, adversary_2: 6.84, agent_0: -9.49]
