–––––––––––––––––––––––––––––––––––––––––––––––––––––––––––––––––––––––––––––––––

Job started: Sat Jun 20 07:58:20 PM UTC 2026
Host: gpunode11.dyn.scc.plus.ac.at
Python Version:
Python 3.12.13
===============================
Training started: Sat Jun 20 07:58:20 PM UTC 2026

Using device: cuda
error: XDG_RUNTIME_DIR is invalid or not set in the environment.
Starting Training (Independent DDPG)...
Ep 00500/35000 | Noise: 0.29 | Avg Rewards: [adversary_0: 7.10, adversary_1: 7.10, adversary_2: 7.10, agent_0: -10.94]
Ep 01000/35000 | Noise: 0.29 | Avg Rewards: [adversary_0: 7.92, adversary_1: 7.92, adversary_2: 7.92, agent_0: -9.70]
Ep 01500/35000 | Noise: 0.28 | Avg Rewards: [adversary_0: 7.90, adversary_1: 7.90, adversary_2: 7.90, agent_0: -11.67]
Ep 02000/35000 | Noise: 0.28 | Avg Rewards: [adversary_0: 7.58, adversary_1: 7.58, adversary_2: 7.58, agent_0: -9.37]
Ep 02500/35000 | Noise: 0.27 | Avg Rewards: [adversary_0: 5.32, adversary_1: 5.32, adversary_2: 5.32, agent_0: -7.66]
Ep 03000/35000 | Noise: 0.27 | Avg Rewards: [adversary_0: 6.38, adversary_1: 6.38, adversary_2: 6.38, agent_0: -8.49]
Ep 03500/35000 | Noise: 0.27 | Avg Rewards: [adversary_0: 5.96, adversary_1: 5.96, adversary_2: 5.96, agent_0: -8.10]
Ep 04000/35000 | Noise: 0.26 | Avg Rewards: [adversary_0: 5.86, adversary_1: 5.86, adversary_2: 5.86, agent_0: -8.27]
Ep 04500/35000 | Noise: 0.26 | Avg Rewards: [adversary_0: 6.86, adversary_1: 6.86, adversary_2: 6.86, agent_0: -9.71]
Ep 05000/35000 | Noise: 0.25 | Avg Rewards: [adversary_0: 6.48, adversary_1: 6.48, adversary_2: 6.48, agent_0: -8.40]
Ep 05500/35000 | Noise: 0.24 | Avg Rewards: [adversary_0: 5.62, adversary_1: 5.62, adversary_2: 5.62, agent_0: -8.02]
Ep 06000/35000 | Noise: 0.24 | Avg Rewards: [adversary_0: 4.90, adversary_1: 4.90, adversary_2: 4.90, agent_0: -6.90]
Ep 06500/35000 | Noise: 0.23 | Avg Rewards: [adversary_0: 5.18, adversary_1: 5.18, adversary_2: 5.18, agent_0: -7.20]
Ep 07000/35000 | Noise: 0.23 | Avg Rewards: [adversary_0: 5.34, adversary_1: 5.34, adversary_2: 5.34, agent_0: -8.43]
Ep 07500/35000 | Noise: 0.22 | Avg Rewards: [adversary_0: 5.16, adversary_1: 5.16, adversary_2: 5.16, agent_0: -7.23]
Ep 08000/35000 | Noise: 0.22 | Avg Rewards: [adversary_0: 6.20, adversary_1: 6.20, adversary_2: 6.20, agent_0: -7.39]
Ep 08500/35000 | Noise: 0.21 | Avg Rewards: [adversary_0: 5.42, adversary_1: 5.42, adversary_2: 5.42, agent_0: -7.54]
Ep 09000/35000 | Noise: 0.21 | Avg Rewards: [adversary_0: 5.60, adversary_1: 5.60, adversary_2: 5.60, agent_0: -6.96]
Ep 09500/35000 | Noise: 0.20 | Avg Rewards: [adversary_0: 4.56, adversary_1: 4.56, adversary_2: 4.56, agent_0: -7.33]
Ep 10000/35000 | Noise: 0.20 | Avg Rewards: [adversary_0: 4.60, adversary_1: 4.60, adversary_2: 4.60, agent_0: -7.03]
Ep 10500/35000 | Noise: 0.20 | Avg Rewards: [adversary_0: 5.18, adversary_1: 5.18, adversary_2: 5.18, agent_0: -7.14]
Ep 11000/35000 | Noise: 0.19 | Avg Rewards: [adversary_0: 6.24, adversary_1: 6.24, adversary_2: 6.24, agent_0: -7.79]
Ep 11500/35000 | Noise: 0.18 | Avg Rewards: [adversary_0: 6.12, adversary_1: 6.12, adversary_2: 6.12, agent_0: -7.56]
Ep 12000/35000 | Noise: 0.18 | Avg Rewards: [adversary_0: 5.74, adversary_1: 5.74, adversary_2: 5.74, agent_0: -7.14]
Ep 12500/35000 | Noise: 0.17 | Avg Rewards: [adversary_0: 6.60, adversary_1: 6.60, adversary_2: 6.60, agent_0: -8.33]
Ep 13000/35000 | Noise: 0.17 | Avg Rewards: [adversary_0: 5.62, adversary_1: 5.62, adversary_2: 5.62, agent_0: -7.49]
Ep 13500/35000 | Noise: 0.16 | Avg Rewards: [adversary_0: 6.00, adversary_1: 6.00, adversary_2: 6.00, agent_0: -8.27]
Ep 14000/35000 | Noise: 0.16 | Avg Rewards: [adversary_0: 5.66, adversary_1: 5.66, adversary_2: 5.66, agent_0: -7.59]
Ep 14500/35000 | Noise: 0.15 | Avg Rewards: [adversary_0: 5.28, adversary_1: 5.28, adversary_2: 5.28, agent_0: -6.93]
Ep 15000/35000 | Noise: 0.15 | Avg Rewards: [adversary_0: 5.34, adversary_1: 5.34, adversary_2: 5.34, agent_0: -6.84]
Ep 15500/35000 | Noise: 0.14 | Avg Rewards: [adversary_0: 5.34, adversary_1: 5.34, adversary_2: 5.34, agent_0: -6.94]
Ep 16000/35000 | Noise: 0.14 | Avg Rewards: [adversary_0: 5.18, adversary_1: 5.18, adversary_2: 5.18, agent_0: -6.40]
Ep 16500/35000 | Noise: 0.13 | Avg Rewards: [adversary_0: 5.62, adversary_1: 5.62, adversary_2: 5.62, agent_0: -7.14]
Ep 17000/35000 | Noise: 0.13 | Avg Rewards: [adversary_0: 5.98, adversary_1: 5.98, adversary_2: 5.98, agent_0: -7.04]
Ep 17500/35000 | Noise: 0.12 | Avg Rewards: [adversary_0: 4.72, adversary_1: 4.72, adversary_2: 4.72, agent_0: -5.82]
Ep 18000/35000 | Noise: 0.12 | Avg Rewards: [adversary_0: 4.94, adversary_1: 4.94, adversary_2: 4.94, agent_0: -6.09]
Ep 18500/35000 | Noise: 0.11 | Avg Rewards: [adversary_0: 5.44, adversary_1: 5.44, adversary_2: 5.44, agent_0: -6.48]
Ep 19000/35000 | Noise: 0.11 | Avg Rewards: [adversary_0: 4.34, adversary_1: 4.34, adversary_2: 4.34, agent_0: -5.78]
Ep 19500/35000 | Noise: 0.10 | Avg Rewards: [adversary_0: 5.00, adversary_1: 5.00, adversary_2: 5.00, agent_0: -6.26]
Ep 20000/35000 | Noise: 0.10 | Avg Rewards: [adversary_0: 4.34, adversary_1: 4.34, adversary_2: 4.34, agent_0: -5.40]
Ep 20500/35000 | Noise: 0.10 | Avg Rewards: [adversary_0: 3.74, adversary_1: 3.74, adversary_2: 3.74, agent_0: -4.75]
Ep 21000/35000 | Noise: 0.09 | Avg Rewards: [adversary_0: 4.06, adversary_1: 4.06, adversary_2: 4.06, agent_0: -4.89]
Ep 21500/35000 | Noise: 0.08 | Avg Rewards: [adversary_0: 4.72, adversary_1: 4.72, adversary_2: 4.72, agent_0: -5.74]
Ep 22000/35000 | Noise: 0.08 | Avg Rewards: [adversary_0: 3.64, adversary_1: 3.64, adversary_2: 3.64, agent_0: -4.28]
Ep 22500/35000 | Noise: 0.07 | Avg Rewards: [adversary_0: 4.82, adversary_1: 4.82, adversary_2: 4.82, agent_0: -5.59]
Ep 23000/35000 | Noise: 0.07 | Avg Rewards: [adversary_0: 5.24, adversary_1: 5.24, adversary_2: 5.24, agent_0: -6.21]
Ep 23500/35000 | Noise: 0.07 | Avg Rewards: [adversary_0: 4.68, adversary_1: 4.68, adversary_2: 4.68, agent_0: -5.75]
Ep 24000/35000 | Noise: 0.06 | Avg Rewards: [adversary_0: 3.82, adversary_1: 3.82, adversary_2: 3.82, agent_0: -5.06]
Ep 24500/35000 | Noise: 0.05 | Avg Rewards: [adversary_0: 3.60, adversary_1: 3.60, adversary_2: 3.60, agent_0: -4.74]
Ep 25000/35000 | Noise: 0.05 | Avg Rewards: [adversary_0: 4.98, adversary_1: 4.98, adversary_2: 4.98, agent_0: -5.84]
Ep 25500/35000 | Noise: 0.05 | Avg Rewards: [adversary_0: 4.80, adversary_1: 4.80, adversary_2: 4.80, agent_0: -6.17]
Ep 26000/35000 | Noise: 0.05 | Avg Rewards: [adversary_0: 5.94, adversary_1: 5.94, adversary_2: 5.94, agent_0: -7.46]
Ep 26500/35000 | Noise: 0.05 | Avg Rewards: [adversary_0: 6.86, adversary_1: 6.86, adversary_2: 6.86, agent_0: -8.01]
Ep 27000/35000 | Noise: 0.05 | Avg Rewards: [adversary_0: 10.46, adversary_1: 10.46, adversary_2: 10.46, agent_0: -11.41]
Ep 27500/35000 | Noise: 0.05 | Avg Rewards: [adversary_0: 12.38, adversary_1: 12.38, adversary_2: 12.38, agent_0: -13.63]
Ep 28000/35000 | Noise: 0.05 | Avg Rewards: [adversary_0: 15.26, adversary_1: 15.26, adversary_2: 15.26, agent_0: -16.69]
Ep 28500/35000 | Noise: 0.05 | Avg Rewards: [adversary_0: 15.64, adversary_1: 15.64, adversary_2: 15.64, agent_0: -17.36]
Ep 29000/35000 | Noise: 0.05 | Avg Rewards: [adversary_0: 13.34, adversary_1: 13.34, adversary_2: 13.34, agent_0: -15.32]
Ep 29500/35000 | Noise: 0.05 | Avg Rewards: [adversary_0: 15.38, adversary_1: 15.38, adversary_2: 15.38, agent_0: -17.14]
Ep 30000/35000 | Noise: 0.05 | Avg Rewards: [adversary_0: 14.24, adversary_1: 14.24, adversary_2: 14.24, agent_0: -16.28]
Ep 30500/35000 | Noise: 0.05 | Avg Rewards: [adversary_0: 14.92, adversary_1: 14.92, adversary_2: 14.92, agent_0: -16.68]
Ep 31000/35000 | Noise: 0.05 | Avg Rewards: [adversary_0: 11.46, adversary_1: 11.46, adversary_2: 11.46, agent_0: -13.36]
Ep 31500/35000 | Noise: 0.05 | Avg Rewards: [adversary_0: 9.54, adversary_1: 9.54, adversary_2: 9.54, agent_0: -11.96]
Ep 32000/35000 | Noise: 0.05 | Avg Rewards: [adversary_0: 7.60, adversary_1: 7.60, adversary_2: 7.60, agent_0: -10.37]
Ep 32500/35000 | Noise: 0.05 | Avg Rewards: [adversary_0: 9.24, adversary_1: 9.24, adversary_2: 9.24, agent_0: -12.06]
Ep 33000/35000 | Noise: 0.05 | Avg Rewards: [adversary_0: 10.54, adversary_1: 10.54, adversary_2: 10.54, agent_0: -13.28]
Ep 33500/35000 | Noise: 0.05 | Avg Rewards: [adversary_0: 11.40, adversary_1: 11.40, adversary_2: 11.40, agent_0: -14.62]
Ep 34000/35000 | Noise: 0.05 | Avg Rewards: [adversary_0: 11.90, adversary_1: 11.90, adversary_2: 11.90, agent_0: -15.35]
Ep 34500/35000 | Noise: 0.05 | Avg Rewards: [adversary_0: 11.56, adversary_1: 11.56, adversary_2: 11.56, agent_0: -15.00]
Ep 35000/35000 | Noise: 0.05 | Avg Rewards: [adversary_0: 12.30, adversary_1: 12.30, adversary_2: 12.30, agent_0: -15.28]
Training complete! Logs saved to results/iddpg_slow_run_rewards.csv

Training finished: Sun Jun 21 03:19:22 AM UTC 2026
===============================
Evaluation started: Sun Jun 21 03:19:22 AM UTC 2026

Loaded episode 35000 from checkpoints/iddpg/slow_run
Saved GIF to gifs/iddpg_slow_run_trained.gif

Evaluation finished: Sun Jun 21 03:19:30 AM UTC 2026
===============================
Plotting reward comparison: Sun Jun 21 03:19:30 AM UTC 2026

Skipping plot: one comparison CSV is still missing.
–––––––––––––––––––––––––––––––––––––––––––––––––––––––––––––––––––––––––––––––––
