–––––––––––––––––––––––––––––––––––––––––––––––––––––––––––––––––––––––––––––––––

Job started: Sat Jun 20 07:58:38 PM UTC 2026
Host: gpunode01.dyn.scc.plus.ac.at
Run name: src_v2_maddpg_fast_619331
Eval tag: 619331
Python Version:
Python 3.12.13
===============================
Training started: Sat Jun 20 07:58:38 PM UTC 2026
Using device: cuda
Run name: src_v2_maddpg_fast_619331
error: XDG_RUNTIME_DIR is invalid or not set in the environment.
Starting Training (MADDPG) - FAST MODE...
Ep 00500/35000 | Noise: 0.29 | Avg Rewards: [adversary_0: 4.20, adversary_1: 4.20, adversary_2: 4.20, agent_0: -25.80]
Ep 01000/35000 | Noise: 0.29 | Avg Rewards: [adversary_0: 5.62, adversary_1: 5.62, adversary_2: 5.62, agent_0: -6.90]
Ep 01500/35000 | Noise: 0.28 | Avg Rewards: [adversary_0: 10.62, adversary_1: 10.62, adversary_2: 10.62, agent_0: -11.45]
Ep 02000/35000 | Noise: 0.28 | Avg Rewards: [adversary_0: 10.66, adversary_1: 10.66, adversary_2: 10.66, agent_0: -13.40]
Ep 02500/35000 | Noise: 0.27 | Avg Rewards: [adversary_0: 17.34, adversary_1: 17.34, adversary_2: 17.34, agent_0: -19.83]
Ep 03000/35000 | Noise: 0.27 | Avg Rewards: [adversary_0: 14.62, adversary_1: 14.62, adversary_2: 14.62, agent_0: -16.30]
Ep 03500/35000 | Noise: 0.27 | Avg Rewards: [adversary_0: 10.96, adversary_1: 10.96, adversary_2: 10.96, agent_0: -17.25]
Ep 04000/35000 | Noise: 0.26 | Avg Rewards: [adversary_0: 13.68, adversary_1: 13.68, adversary_2: 13.68, agent_0: -19.42]
Ep 04500/35000 | Noise: 0.26 | Avg Rewards: [adversary_0: 12.46, adversary_1: 12.46, adversary_2: 12.46, agent_0: -16.46]
Ep 05000/35000 | Noise: 0.25 | Avg Rewards: [adversary_0: 11.34, adversary_1: 11.34, adversary_2: 11.34, agent_0: -16.60]
Ep 05500/35000 | Noise: 0.24 | Avg Rewards: [adversary_0: 21.44, adversary_1: 21.44, adversary_2: 21.44, agent_0: -25.85]
Ep 06000/35000 | Noise: 0.24 | Avg Rewards: [adversary_0: 25.46, adversary_1: 25.46, adversary_2: 25.46, agent_0: -32.25]
Ep 06500/35000 | Noise: 0.23 | Avg Rewards: [adversary_0: 24.32, adversary_1: 24.32, adversary_2: 24.32, agent_0: -33.22]
Ep 07000/35000 | Noise: 0.23 | Avg Rewards: [adversary_0: 25.14, adversary_1: 25.14, adversary_2: 25.14, agent_0: -33.65]
Ep 07500/35000 | Noise: 0.22 | Avg Rewards: [adversary_0: 23.54, adversary_1: 23.54, adversary_2: 23.54, agent_0: -36.51]
Ep 08000/35000 | Noise: 0.22 | Avg Rewards: [adversary_0: 21.68, adversary_1: 21.68, adversary_2: 21.68, agent_0: -30.51]
Ep 08500/35000 | Noise: 0.21 | Avg Rewards: [adversary_0: 20.06, adversary_1: 20.06, adversary_2: 20.06, agent_0: -29.47]
Ep 09000/35000 | Noise: 0.21 | Avg Rewards: [adversary_0: 18.76, adversary_1: 18.76, adversary_2: 18.76, agent_0: -33.67]
Ep 09500/35000 | Noise: 0.20 | Avg Rewards: [adversary_0: 18.92, adversary_1: 18.92, adversary_2: 18.92, agent_0: -32.90]
Ep 10000/35000 | Noise: 0.20 | Avg Rewards: [adversary_0: 15.22, adversary_1: 15.22, adversary_2: 15.22, agent_0: -26.87]
Ep 10500/35000 | Noise: 0.20 | Avg Rewards: [adversary_0: 15.04, adversary_1: 15.04, adversary_2: 15.04, agent_0: -24.05]
Ep 11000/35000 | Noise: 0.19 | Avg Rewards: [adversary_0: 12.64, adversary_1: 12.64, adversary_2: 12.64, agent_0: -22.11]
Ep 11500/35000 | Noise: 0.18 | Avg Rewards: [adversary_0: 12.04, adversary_1: 12.04, adversary_2: 12.04, agent_0: -21.22]
Ep 12000/35000 | Noise: 0.18 | Avg Rewards: [adversary_0: 11.80, adversary_1: 11.80, adversary_2: 11.80, agent_0: -20.28]
Ep 12500/35000 | Noise: 0.17 | Avg Rewards: [adversary_0: 10.72, adversary_1: 10.72, adversary_2: 10.72, agent_0: -20.54]
Ep 13000/35000 | Noise: 0.17 | Avg Rewards: [adversary_0: 8.04, adversary_1: 8.04, adversary_2: 8.04, agent_0: -17.15]
Ep 13500/35000 | Noise: 0.16 | Avg Rewards: [adversary_0: 10.92, adversary_1: 10.92, adversary_2: 10.92, agent_0: -19.72]
Ep 14000/35000 | Noise: 0.16 | Avg Rewards: [adversary_0: 10.90, adversary_1: 10.90, adversary_2: 10.90, agent_0: -18.17]
Ep 14500/35000 | Noise: 0.15 | Avg Rewards: [adversary_0: 10.60, adversary_1: 10.60, adversary_2: 10.60, agent_0: -17.67]
Ep 15000/35000 | Noise: 0.15 | Avg Rewards: [adversary_0: 12.90, adversary_1: 12.90, adversary_2: 12.90, agent_0: -20.54]
Ep 15500/35000 | Noise: 0.14 | Avg Rewards: [adversary_0: 14.04, adversary_1: 14.04, adversary_2: 14.04, agent_0: -21.14]
Ep 16000/35000 | Noise: 0.14 | Avg Rewards: [adversary_0: 16.52, adversary_1: 16.52, adversary_2: 16.52, agent_0: -22.71]
Ep 16500/35000 | Noise: 0.13 | Avg Rewards: [adversary_0: 19.64, adversary_1: 19.64, adversary_2: 19.64, agent_0: -25.92]
Ep 17000/35000 | Noise: 0.13 | Avg Rewards: [adversary_0: 20.10, adversary_1: 20.10, adversary_2: 20.10, agent_0: -27.63]
Ep 17500/35000 | Noise: 0.12 | Avg Rewards: [adversary_0: 22.60, adversary_1: 22.60, adversary_2: 22.60, agent_0: -28.97]
Ep 18000/35000 | Noise: 0.12 | Avg Rewards: [adversary_0: 21.96, adversary_1: 21.96, adversary_2: 21.96, agent_0: -28.38]
Ep 18500/35000 | Noise: 0.11 | Avg Rewards: [adversary_0: 21.18, adversary_1: 21.18, adversary_2: 21.18, agent_0: -29.13]
Ep 19000/35000 | Noise: 0.11 | Avg Rewards: [adversary_0: 24.44, adversary_1: 24.44, adversary_2: 24.44, agent_0: -32.47]
Ep 19500/35000 | Noise: 0.10 | Avg Rewards: [adversary_0: 24.48, adversary_1: 24.48, adversary_2: 24.48, agent_0: -32.40]
Ep 20000/35000 | Noise: 0.10 | Avg Rewards: [adversary_0: 22.56, adversary_1: 22.56, adversary_2: 22.56, agent_0: -31.85]
Ep 20500/35000 | Noise: 0.10 | Avg Rewards: [adversary_0: 20.22, adversary_1: 20.22, adversary_2: 20.22, agent_0: -28.16]
Ep 21000/35000 | Noise: 0.09 | Avg Rewards: [adversary_0: 20.68, adversary_1: 20.68, adversary_2: 20.68, agent_0: -28.23]
Ep 21500/35000 | Noise: 0.08 | Avg Rewards: [adversary_0: 22.50, adversary_1: 22.50, adversary_2: 22.50, agent_0: -28.62]
Ep 22000/35000 | Noise: 0.08 | Avg Rewards: [adversary_0: 19.40, adversary_1: 19.40, adversary_2: 19.40, agent_0: -26.04]
Ep 22500/35000 | Noise: 0.07 | Avg Rewards: [adversary_0: 19.76, adversary_1: 19.76, adversary_2: 19.76, agent_0: -26.20]
Ep 23000/35000 | Noise: 0.07 | Avg Rewards: [adversary_0: 18.04, adversary_1: 18.04, adversary_2: 18.04, agent_0: -24.03]
Ep 23500/35000 | Noise: 0.07 | Avg Rewards: [adversary_0: 18.38, adversary_1: 18.38, adversary_2: 18.38, agent_0: -23.27]
Ep 24000/35000 | Noise: 0.06 | Avg Rewards: [adversary_0: 19.22, adversary_1: 19.22, adversary_2: 19.22, agent_0: -25.34]
Ep 24500/35000 | Noise: 0.05 | Avg Rewards: [adversary_0: 17.20, adversary_1: 17.20, adversary_2: 17.20, agent_0: -23.21]
Ep 25000/35000 | Noise: 0.05 | Avg Rewards: [adversary_0: 15.34, adversary_1: 15.34, adversary_2: 15.34, agent_0: -21.89]
Ep 25500/35000 | Noise: 0.05 | Avg Rewards: [adversary_0: 14.64, adversary_1: 14.64, adversary_2: 14.64, agent_0: -20.09]
Ep 26000/35000 | Noise: 0.05 | Avg Rewards: [adversary_0: 15.40, adversary_1: 15.40, adversary_2: 15.40, agent_0: -21.49]
Ep 26500/35000 | Noise: 0.05 | Avg Rewards: [adversary_0: 20.26, adversary_1: 20.26, adversary_2: 20.26, agent_0: -25.31]
Ep 27000/35000 | Noise: 0.05 | Avg Rewards: [adversary_0: 12.86, adversary_1: 12.86, adversary_2: 12.86, agent_0: -21.50]
Ep 27500/35000 | Noise: 0.05 | Avg Rewards: [adversary_0: 13.76, adversary_1: 13.76, adversary_2: 13.76, agent_0: -19.29]
Ep 28000/35000 | Noise: 0.05 | Avg Rewards: [adversary_0: 16.00, adversary_1: 16.00, adversary_2: 16.00, agent_0: -21.99]
Ep 28500/35000 | Noise: 0.05 | Avg Rewards: [adversary_0: 18.48, adversary_1: 18.48, adversary_2: 18.48, agent_0: -24.74]
Ep 29000/35000 | Noise: 0.05 | Avg Rewards: [adversary_0: 17.14, adversary_1: 17.14, adversary_2: 17.14, agent_0: -23.23]
Ep 29500/35000 | Noise: 0.05 | Avg Rewards: [adversary_0: 16.10, adversary_1: 16.10, adversary_2: 16.10, agent_0: -22.86]
Ep 30000/35000 | Noise: 0.05 | Avg Rewards: [adversary_0: 13.58, adversary_1: 13.58, adversary_2: 13.58, agent_0: -19.65]
Ep 30500/35000 | Noise: 0.05 | Avg Rewards: [adversary_0: 14.22, adversary_1: 14.22, adversary_2: 14.22, agent_0: -21.15]
Ep 31000/35000 | Noise: 0.05 | Avg Rewards: [adversary_0: 12.28, adversary_1: 12.28, adversary_2: 12.28, agent_0: -19.84]
Ep 31500/35000 | Noise: 0.05 | Avg Rewards: [adversary_0: 12.12, adversary_1: 12.12, adversary_2: 12.12, agent_0: -18.36]
Ep 32000/35000 | Noise: 0.05 | Avg Rewards: [adversary_0: 11.76, adversary_1: 11.76, adversary_2: 11.76, agent_0: -18.62]
Ep 32500/35000 | Noise: 0.05 | Avg Rewards: [adversary_0: 13.62, adversary_1: 13.62, adversary_2: 13.62, agent_0: -20.24]
Ep 33000/35000 | Noise: 0.05 | Avg Rewards: [adversary_0: 14.58, adversary_1: 14.58, adversary_2: 14.58, agent_0: -22.11]
Ep 33500/35000 | Noise: 0.05 | Avg Rewards: [adversary_0: 12.70, adversary_1: 12.70, adversary_2: 12.70, agent_0: -20.40]
Ep 34000/35000 | Noise: 0.05 | Avg Rewards: [adversary_0: 15.00, adversary_1: 15.00, adversary_2: 15.00, agent_0: -21.99]
Ep 34500/35000 | Noise: 0.05 | Avg Rewards: [adversary_0: 12.36, adversary_1: 12.36, adversary_2: 12.36, agent_0: -19.79]
Ep 35000/35000 | Noise: 0.05 | Avg Rewards: [adversary_0: 12.68, adversary_1: 12.68, adversary_2: 12.68, agent_0: -20.01]
Training complete! Logs saved to results/src_v2/maddpg_src_v2_maddpg_fast_619331_src_v2_rewards.csv
Training finished: Sat Jun 20 09:47:55 PM UTC 2026
===============================
Evaluation started: Sat Jun 20 09:47:55 PM UTC 2026
Loaded episode 35000 from checkpoints/src_v2/maddpg/src_v2_maddpg_fast_619331
Saved GIF to gifs/src_v2/maddpg_src_v2_maddpg_fast_619331_src_v2_trained_619331.gif
Evaluation finished: Sat Jun 20 09:48:04 PM UTC 2026

–––––––––––––––––––––––––––––––––––––––––––––––––––––––––––––––––––––––––––––––––
