–––––––––––––––––––––––––––––––––––––––––––––––––––––––––––––––––––––––––––––––––

Job started: Sat Jun 20 07:58:14 PM UTC 2026
Host: gpunode10.dyn.scc.plus.ac.at
Python Version:
Python 3.12.13
===============================
Training started: Sat Jun 20 07:58:14 PM UTC 2026

Using device: cuda
error: XDG_RUNTIME_DIR is invalid or not set in the environment.
Starting Training (MADDPG) - FAST MODE...
Ep 00500/35000 | Noise: 0.29 | Avg Rewards: [adversary_0: 5.30, adversary_1: 5.30, adversary_2: 5.30, agent_0: -20.78]
Ep 01000/35000 | Noise: 0.29 | Avg Rewards: [adversary_0: 5.90, adversary_1: 5.90, adversary_2: 5.90, agent_0: -10.54]
Ep 01500/35000 | Noise: 0.28 | Avg Rewards: [adversary_0: 7.34, adversary_1: 7.34, adversary_2: 7.34, agent_0: -9.83]
Ep 02000/35000 | Noise: 0.28 | Avg Rewards: [adversary_0: 12.74, adversary_1: 12.74, adversary_2: 12.74, agent_0: -15.89]
Ep 02500/35000 | Noise: 0.27 | Avg Rewards: [adversary_0: 14.28, adversary_1: 14.28, adversary_2: 14.28, agent_0: -16.39]
Ep 03000/35000 | Noise: 0.27 | Avg Rewards: [adversary_0: 12.44, adversary_1: 12.44, adversary_2: 12.44, agent_0: -17.14]
Ep 03500/35000 | Noise: 0.27 | Avg Rewards: [adversary_0: 13.44, adversary_1: 13.44, adversary_2: 13.44, agent_0: -17.25]
Ep 04000/35000 | Noise: 0.26 | Avg Rewards: [adversary_0: 12.44, adversary_1: 12.44, adversary_2: 12.44, agent_0: -16.49]
Ep 04500/35000 | Noise: 0.26 | Avg Rewards: [adversary_0: 16.42, adversary_1: 16.42, adversary_2: 16.42, agent_0: -20.01]
Ep 05000/35000 | Noise: 0.25 | Avg Rewards: [adversary_0: 17.44, adversary_1: 17.44, adversary_2: 17.44, agent_0: -23.45]
Ep 05500/35000 | Noise: 0.24 | Avg Rewards: [adversary_0: 18.74, adversary_1: 18.74, adversary_2: 18.74, agent_0: -29.14]
Ep 06000/35000 | Noise: 0.24 | Avg Rewards: [adversary_0: 24.54, adversary_1: 24.54, adversary_2: 24.54, agent_0: -31.60]
Ep 06500/35000 | Noise: 0.23 | Avg Rewards: [adversary_0: 23.50, adversary_1: 23.50, adversary_2: 23.50, agent_0: -32.04]
Ep 07000/35000 | Noise: 0.23 | Avg Rewards: [adversary_0: 28.28, adversary_1: 28.28, adversary_2: 28.28, agent_0: -37.63]
Ep 07500/35000 | Noise: 0.22 | Avg Rewards: [adversary_0: 22.28, adversary_1: 22.28, adversary_2: 22.28, agent_0: -29.75]
Ep 08000/35000 | Noise: 0.22 | Avg Rewards: [adversary_0: 18.60, adversary_1: 18.60, adversary_2: 18.60, agent_0: -31.59]
Ep 08500/35000 | Noise: 0.21 | Avg Rewards: [adversary_0: 14.70, adversary_1: 14.70, adversary_2: 14.70, agent_0: -30.37]
Ep 09000/35000 | Noise: 0.21 | Avg Rewards: [adversary_0: 18.24, adversary_1: 18.24, adversary_2: 18.24, agent_0: -25.80]
Ep 09500/35000 | Noise: 0.20 | Avg Rewards: [adversary_0: 14.84, adversary_1: 14.84, adversary_2: 14.84, agent_0: -23.26]
Ep 10000/35000 | Noise: 0.20 | Avg Rewards: [adversary_0: 11.98, adversary_1: 11.98, adversary_2: 11.98, agent_0: -21.26]
Ep 10500/35000 | Noise: 0.20 | Avg Rewards: [adversary_0: 13.02, adversary_1: 13.02, adversary_2: 13.02, agent_0: -21.13]
Ep 11000/35000 | Noise: 0.19 | Avg Rewards: [adversary_0: 9.78, adversary_1: 9.78, adversary_2: 9.78, agent_0: -18.68]
Ep 11500/35000 | Noise: 0.18 | Avg Rewards: [adversary_0: 10.98, adversary_1: 10.98, adversary_2: 10.98, agent_0: -19.80]
Ep 12000/35000 | Noise: 0.18 | Avg Rewards: [adversary_0: 10.98, adversary_1: 10.98, adversary_2: 10.98, agent_0: -19.47]
Ep 12500/35000 | Noise: 0.17 | Avg Rewards: [adversary_0: 14.30, adversary_1: 14.30, adversary_2: 14.30, agent_0: -21.16]
Ep 13000/35000 | Noise: 0.17 | Avg Rewards: [adversary_0: 15.18, adversary_1: 15.18, adversary_2: 15.18, agent_0: -21.66]
Ep 13500/35000 | Noise: 0.16 | Avg Rewards: [adversary_0: 17.16, adversary_1: 17.16, adversary_2: 17.16, agent_0: -23.08]
Ep 14000/35000 | Noise: 0.16 | Avg Rewards: [adversary_0: 19.86, adversary_1: 19.86, adversary_2: 19.86, agent_0: -26.96]
Ep 14500/35000 | Noise: 0.15 | Avg Rewards: [adversary_0: 20.22, adversary_1: 20.22, adversary_2: 20.22, agent_0: -26.99]
Ep 15000/35000 | Noise: 0.15 | Avg Rewards: [adversary_0: 18.28, adversary_1: 18.28, adversary_2: 18.28, agent_0: -26.62]
Ep 15500/35000 | Noise: 0.14 | Avg Rewards: [adversary_0: 19.96, adversary_1: 19.96, adversary_2: 19.96, agent_0: -28.09]
Ep 16000/35000 | Noise: 0.14 | Avg Rewards: [adversary_0: 20.18, adversary_1: 20.18, adversary_2: 20.18, agent_0: -29.03]
Ep 16500/35000 | Noise: 0.13 | Avg Rewards: [adversary_0: 19.76, adversary_1: 19.76, adversary_2: 19.76, agent_0: -28.44]
Ep 17000/35000 | Noise: 0.13 | Avg Rewards: [adversary_0: 21.76, adversary_1: 21.76, adversary_2: 21.76, agent_0: -29.97]
Ep 17500/35000 | Noise: 0.12 | Avg Rewards: [adversary_0: 19.86, adversary_1: 19.86, adversary_2: 19.86, agent_0: -28.37]
Ep 18000/35000 | Noise: 0.12 | Avg Rewards: [adversary_0: 19.18, adversary_1: 19.18, adversary_2: 19.18, agent_0: -26.52]
Ep 18500/35000 | Noise: 0.11 | Avg Rewards: [adversary_0: 18.22, adversary_1: 18.22, adversary_2: 18.22, agent_0: -26.41]
Ep 19000/35000 | Noise: 0.11 | Avg Rewards: [adversary_0: 17.32, adversary_1: 17.32, adversary_2: 17.32, agent_0: -23.11]
Ep 19500/35000 | Noise: 0.10 | Avg Rewards: [adversary_0: 15.00, adversary_1: 15.00, adversary_2: 15.00, agent_0: -22.56]
Ep 20000/35000 | Noise: 0.10 | Avg Rewards: [adversary_0: 14.28, adversary_1: 14.28, adversary_2: 14.28, agent_0: -21.12]
Ep 20500/35000 | Noise: 0.10 | Avg Rewards: [adversary_0: 15.42, adversary_1: 15.42, adversary_2: 15.42, agent_0: -21.44]
Ep 21000/35000 | Noise: 0.09 | Avg Rewards: [adversary_0: 13.48, adversary_1: 13.48, adversary_2: 13.48, agent_0: -19.11]
Ep 21500/35000 | Noise: 0.08 | Avg Rewards: [adversary_0: 14.32, adversary_1: 14.32, adversary_2: 14.32, agent_0: -20.10]
Ep 22000/35000 | Noise: 0.08 | Avg Rewards: [adversary_0: 15.30, adversary_1: 15.30, adversary_2: 15.30, agent_0: -21.20]
Ep 22500/35000 | Noise: 0.07 | Avg Rewards: [adversary_0: 13.74, adversary_1: 13.74, adversary_2: 13.74, agent_0: -19.61]
Ep 23000/35000 | Noise: 0.07 | Avg Rewards: [adversary_0: 11.92, adversary_1: 11.92, adversary_2: 11.92, agent_0: -18.98]
Ep 23500/35000 | Noise: 0.07 | Avg Rewards: [adversary_0: 12.52, adversary_1: 12.52, adversary_2: 12.52, agent_0: -19.01]
Ep 24000/35000 | Noise: 0.06 | Avg Rewards: [adversary_0: 10.34, adversary_1: 10.34, adversary_2: 10.34, agent_0: -16.49]
Ep 24500/35000 | Noise: 0.05 | Avg Rewards: [adversary_0: 11.10, adversary_1: 11.10, adversary_2: 11.10, agent_0: -17.03]
Ep 25000/35000 | Noise: 0.05 | Avg Rewards: [adversary_0: 11.14, adversary_1: 11.14, adversary_2: 11.14, agent_0: -16.95]
Ep 25500/35000 | Noise: 0.05 | Avg Rewards: [adversary_0: 11.94, adversary_1: 11.94, adversary_2: 11.94, agent_0: -17.41]
Ep 26000/35000 | Noise: 0.05 | Avg Rewards: [adversary_0: 11.54, adversary_1: 11.54, adversary_2: 11.54, agent_0: -17.22]
Ep 26500/35000 | Noise: 0.05 | Avg Rewards: [adversary_0: 10.22, adversary_1: 10.22, adversary_2: 10.22, agent_0: -15.91]
Ep 27000/35000 | Noise: 0.05 | Avg Rewards: [adversary_0: 11.56, adversary_1: 11.56, adversary_2: 11.56, agent_0: -17.62]
Ep 27500/35000 | Noise: 0.05 | Avg Rewards: [adversary_0: 11.02, adversary_1: 11.02, adversary_2: 11.02, agent_0: -16.30]
Ep 28000/35000 | Noise: 0.05 | Avg Rewards: [adversary_0: 9.98, adversary_1: 9.98, adversary_2: 9.98, agent_0: -16.31]
Ep 28500/35000 | Noise: 0.05 | Avg Rewards: [adversary_0: 8.82, adversary_1: 8.82, adversary_2: 8.82, agent_0: -15.47]
Ep 29000/35000 | Noise: 0.05 | Avg Rewards: [adversary_0: 9.90, adversary_1: 9.90, adversary_2: 9.90, agent_0: -15.95]
Ep 29500/35000 | Noise: 0.05 | Avg Rewards: [adversary_0: 8.70, adversary_1: 8.70, adversary_2: 8.70, agent_0: -14.56]
Ep 30000/35000 | Noise: 0.05 | Avg Rewards: [adversary_0: 10.54, adversary_1: 10.54, adversary_2: 10.54, agent_0: -16.37]
Ep 30500/35000 | Noise: 0.05 | Avg Rewards: [adversary_0: 8.46, adversary_1: 8.46, adversary_2: 8.46, agent_0: -14.14]
Ep 31000/35000 | Noise: 0.05 | Avg Rewards: [adversary_0: 9.52, adversary_1: 9.52, adversary_2: 9.52, agent_0: -14.84]
Ep 31500/35000 | Noise: 0.05 | Avg Rewards: [adversary_0: 8.58, adversary_1: 8.58, adversary_2: 8.58, agent_0: -13.11]
Ep 32000/35000 | Noise: 0.05 | Avg Rewards: [adversary_0: 11.36, adversary_1: 11.36, adversary_2: 11.36, agent_0: -16.85]
Ep 32500/35000 | Noise: 0.05 | Avg Rewards: [adversary_0: 10.06, adversary_1: 10.06, adversary_2: 10.06, agent_0: -15.55]
Ep 33000/35000 | Noise: 0.05 | Avg Rewards: [adversary_0: 10.62, adversary_1: 10.62, adversary_2: 10.62, agent_0: -15.89]
Ep 33500/35000 | Noise: 0.05 | Avg Rewards: [adversary_0: 10.66, adversary_1: 10.66, adversary_2: 10.66, agent_0: -16.28]
Ep 34000/35000 | Noise: 0.05 | Avg Rewards: [adversary_0: 9.62, adversary_1: 9.62, adversary_2: 9.62, agent_0: -15.16]
Ep 34500/35000 | Noise: 0.05 | Avg Rewards: [adversary_0: 8.24, adversary_1: 8.24, adversary_2: 8.24, agent_0: -13.08]
Ep 35000/35000 | Noise: 0.05 | Avg Rewards: [adversary_0: 10.96, adversary_1: 10.96, adversary_2: 10.96, agent_0: -16.32]
Training complete! Logs saved to results/maddpg_fast_run_rewards.csv

Training finished: Sat Jun 20 09:41:04 PM UTC 2026
===============================
Evaluation started: Sat Jun 20 09:41:04 PM UTC 2026

Loaded episode 35000 from checkpoints/maddpg/fast_run
Saved GIF to gifs/maddpg_fast_run_trained.gif

Evaluation finished: Sat Jun 20 09:41:11 PM UTC 2026
===============================
Plotting reward comparison: Sat Jun 20 09:41:11 PM UTC 2026

Skipping plot: one comparison CSV is still missing.
–––––––––––––––––––––––––––––––––––––––––––––––––––––––––––––––––––––––––––––––––
