–––––––––––––––––––––––––––––––––––––––––––––––––––––––––––––––––––––––––––––––––

Job started: Sat Jun 20 07:58:26 PM UTC 2026
Host: gpunode11.dyn.scc.plus.ac.at
Python Version:
Python 3.12.13
===============================
Training started: Sat Jun 20 07:58:26 PM UTC 2026

Using device: cuda
error: XDG_RUNTIME_DIR is invalid or not set in the environment.
Starting Training (Independent DDPG) - FAST MODE...
Ep 00500/35000 | Noise: 0.29 | Avg Rewards: [adversary_0: 6.00, adversary_1: 6.00, adversary_2: 6.00, agent_0: -10.51]
Ep 01000/35000 | Noise: 0.29 | Avg Rewards: [adversary_0: 9.76, adversary_1: 9.76, adversary_2: 9.76, agent_0: -12.11]
Ep 01500/35000 | Noise: 0.28 | Avg Rewards: [adversary_0: 12.26, adversary_1: 12.26, adversary_2: 12.26, agent_0: -13.90]
Ep 02000/35000 | Noise: 0.28 | Avg Rewards: [adversary_0: 14.48, adversary_1: 14.48, adversary_2: 14.48, agent_0: -16.52]
Ep 02500/35000 | Noise: 0.27 | Avg Rewards: [adversary_0: 13.06, adversary_1: 13.06, adversary_2: 13.06, agent_0: -14.42]
Ep 03000/35000 | Noise: 0.27 | Avg Rewards: [adversary_0: 15.20, adversary_1: 15.20, adversary_2: 15.20, agent_0: -16.05]
Ep 03500/35000 | Noise: 0.27 | Avg Rewards: [adversary_0: 24.04, adversary_1: 24.04, adversary_2: 24.04, agent_0: -25.44]
Ep 04000/35000 | Noise: 0.26 | Avg Rewards: [adversary_0: 22.58, adversary_1: 22.58, adversary_2: 22.58, agent_0: -23.93]
Ep 04500/35000 | Noise: 0.26 | Avg Rewards: [adversary_0: 20.78, adversary_1: 20.78, adversary_2: 20.78, agent_0: -22.42]
Ep 05000/35000 | Noise: 0.25 | Avg Rewards: [adversary_0: 19.78, adversary_1: 19.78, adversary_2: 19.78, agent_0: -21.95]
Ep 05500/35000 | Noise: 0.24 | Avg Rewards: [adversary_0: 20.30, adversary_1: 20.30, adversary_2: 20.30, agent_0: -22.87]
Ep 06000/35000 | Noise: 0.24 | Avg Rewards: [adversary_0: 20.08, adversary_1: 20.08, adversary_2: 20.08, agent_0: -22.44]
Ep 06500/35000 | Noise: 0.23 | Avg Rewards: [adversary_0: 17.68, adversary_1: 17.68, adversary_2: 17.68, agent_0: -21.50]
Ep 07000/35000 | Noise: 0.23 | Avg Rewards: [adversary_0: 13.12, adversary_1: 13.12, adversary_2: 13.12, agent_0: -19.57]
Ep 07500/35000 | Noise: 0.22 | Avg Rewards: [adversary_0: 15.36, adversary_1: 15.36, adversary_2: 15.36, agent_0: -19.76]
Ep 08000/35000 | Noise: 0.22 | Avg Rewards: [adversary_0: 14.68, adversary_1: 14.68, adversary_2: 14.68, agent_0: -20.02]
Ep 08500/35000 | Noise: 0.21 | Avg Rewards: [adversary_0: 14.72, adversary_1: 14.72, adversary_2: 14.72, agent_0: -19.75]
Ep 09000/35000 | Noise: 0.21 | Avg Rewards: [adversary_0: 16.08, adversary_1: 16.08, adversary_2: 16.08, agent_0: -21.10]
Ep 09500/35000 | Noise: 0.20 | Avg Rewards: [adversary_0: 15.74, adversary_1: 15.74, adversary_2: 15.74, agent_0: -23.04]
Ep 10000/35000 | Noise: 0.20 | Avg Rewards: [adversary_0: 15.00, adversary_1: 15.00, adversary_2: 15.00, agent_0: -21.79]
Ep 10500/35000 | Noise: 0.20 | Avg Rewards: [adversary_0: 18.80, adversary_1: 18.80, adversary_2: 18.80, agent_0: -24.85]
Ep 11000/35000 | Noise: 0.19 | Avg Rewards: [adversary_0: 19.20, adversary_1: 19.20, adversary_2: 19.20, agent_0: -25.32]
Ep 11500/35000 | Noise: 0.18 | Avg Rewards: [adversary_0: 20.96, adversary_1: 20.96, adversary_2: 20.96, agent_0: -26.30]
Ep 12000/35000 | Noise: 0.18 | Avg Rewards: [adversary_0: 19.34, adversary_1: 19.34, adversary_2: 19.34, agent_0: -25.04]
Ep 12500/35000 | Noise: 0.17 | Avg Rewards: [adversary_0: 20.82, adversary_1: 20.82, adversary_2: 20.82, agent_0: -26.65]
Ep 13000/35000 | Noise: 0.17 | Avg Rewards: [adversary_0: 20.10, adversary_1: 20.10, adversary_2: 20.10, agent_0: -26.16]
Ep 13500/35000 | Noise: 0.16 | Avg Rewards: [adversary_0: 21.50, adversary_1: 21.50, adversary_2: 21.50, agent_0: -27.07]
Ep 14000/35000 | Noise: 0.16 | Avg Rewards: [adversary_0: 20.42, adversary_1: 20.42, adversary_2: 20.42, agent_0: -27.35]
Ep 14500/35000 | Noise: 0.15 | Avg Rewards: [adversary_0: 21.76, adversary_1: 21.76, adversary_2: 21.76, agent_0: -27.72]
Ep 15000/35000 | Noise: 0.15 | Avg Rewards: [adversary_0: 23.02, adversary_1: 23.02, adversary_2: 23.02, agent_0: -29.88]
Ep 15500/35000 | Noise: 0.14 | Avg Rewards: [adversary_0: 23.84, adversary_1: 23.84, adversary_2: 23.84, agent_0: -29.30]
Ep 16000/35000 | Noise: 0.14 | Avg Rewards: [adversary_0: 21.84, adversary_1: 21.84, adversary_2: 21.84, agent_0: -29.29]
Ep 16500/35000 | Noise: 0.13 | Avg Rewards: [adversary_0: 23.06, adversary_1: 23.06, adversary_2: 23.06, agent_0: -28.82]
Ep 17000/35000 | Noise: 0.13 | Avg Rewards: [adversary_0: 21.20, adversary_1: 21.20, adversary_2: 21.20, agent_0: -27.51]
Ep 17500/35000 | Noise: 0.12 | Avg Rewards: [adversary_0: 21.62, adversary_1: 21.62, adversary_2: 21.62, agent_0: -28.87]
Ep 18000/35000 | Noise: 0.12 | Avg Rewards: [adversary_0: 21.42, adversary_1: 21.42, adversary_2: 21.42, agent_0: -28.07]
Ep 18500/35000 | Noise: 0.11 | Avg Rewards: [adversary_0: 24.50, adversary_1: 24.50, adversary_2: 24.50, agent_0: -30.20]
Ep 19000/35000 | Noise: 0.11 | Avg Rewards: [adversary_0: 21.74, adversary_1: 21.74, adversary_2: 21.74, agent_0: -28.63]
Ep 19500/35000 | Noise: 0.10 | Avg Rewards: [adversary_0: 21.60, adversary_1: 21.60, adversary_2: 21.60, agent_0: -27.92]
Ep 20000/35000 | Noise: 0.10 | Avg Rewards: [adversary_0: 23.10, adversary_1: 23.10, adversary_2: 23.10, agent_0: -28.42]
Ep 20500/35000 | Noise: 0.10 | Avg Rewards: [adversary_0: 22.36, adversary_1: 22.36, adversary_2: 22.36, agent_0: -28.33]
Ep 21000/35000 | Noise: 0.09 | Avg Rewards: [adversary_0: 20.68, adversary_1: 20.68, adversary_2: 20.68, agent_0: -26.21]
Ep 21500/35000 | Noise: 0.08 | Avg Rewards: [adversary_0: 20.28, adversary_1: 20.28, adversary_2: 20.28, agent_0: -26.81]
Ep 22000/35000 | Noise: 0.08 | Avg Rewards: [adversary_0: 20.82, adversary_1: 20.82, adversary_2: 20.82, agent_0: -27.31]
Ep 22500/35000 | Noise: 0.07 | Avg Rewards: [adversary_0: 20.52, adversary_1: 20.52, adversary_2: 20.52, agent_0: -26.59]
Ep 23000/35000 | Noise: 0.07 | Avg Rewards: [adversary_0: 19.54, adversary_1: 19.54, adversary_2: 19.54, agent_0: -25.28]
Ep 23500/35000 | Noise: 0.07 | Avg Rewards: [adversary_0: 20.72, adversary_1: 20.72, adversary_2: 20.72, agent_0: -27.88]
Ep 24000/35000 | Noise: 0.06 | Avg Rewards: [adversary_0: 19.20, adversary_1: 19.20, adversary_2: 19.20, agent_0: -26.34]
Ep 24500/35000 | Noise: 0.05 | Avg Rewards: [adversary_0: 18.50, adversary_1: 18.50, adversary_2: 18.50, agent_0: -25.69]
Ep 25000/35000 | Noise: 0.05 | Avg Rewards: [adversary_0: 20.24, adversary_1: 20.24, adversary_2: 20.24, agent_0: -26.61]
Ep 25500/35000 | Noise: 0.05 | Avg Rewards: [adversary_0: 18.80, adversary_1: 18.80, adversary_2: 18.80, agent_0: -26.37]
Ep 26000/35000 | Noise: 0.05 | Avg Rewards: [adversary_0: 19.72, adversary_1: 19.72, adversary_2: 19.72, agent_0: -25.55]
Ep 26500/35000 | Noise: 0.05 | Avg Rewards: [adversary_0: 18.34, adversary_1: 18.34, adversary_2: 18.34, agent_0: -25.12]
Ep 27000/35000 | Noise: 0.05 | Avg Rewards: [adversary_0: 18.90, adversary_1: 18.90, adversary_2: 18.90, agent_0: -25.48]
Ep 27500/35000 | Noise: 0.05 | Avg Rewards: [adversary_0: 17.84, adversary_1: 17.84, adversary_2: 17.84, agent_0: -24.26]
Ep 28000/35000 | Noise: 0.05 | Avg Rewards: [adversary_0: 20.18, adversary_1: 20.18, adversary_2: 20.18, agent_0: -26.05]
Ep 28500/35000 | Noise: 0.05 | Avg Rewards: [adversary_0: 18.30, adversary_1: 18.30, adversary_2: 18.30, agent_0: -24.00]
Ep 29000/35000 | Noise: 0.05 | Avg Rewards: [adversary_0: 18.30, adversary_1: 18.30, adversary_2: 18.30, agent_0: -24.13]
Ep 29500/35000 | Noise: 0.05 | Avg Rewards: [adversary_0: 16.80, adversary_1: 16.80, adversary_2: 16.80, agent_0: -22.55]
Ep 30000/35000 | Noise: 0.05 | Avg Rewards: [adversary_0: 15.38, adversary_1: 15.38, adversary_2: 15.38, agent_0: -21.59]
Ep 30500/35000 | Noise: 0.05 | Avg Rewards: [adversary_0: 17.74, adversary_1: 17.74, adversary_2: 17.74, agent_0: -23.75]
Ep 31000/35000 | Noise: 0.05 | Avg Rewards: [adversary_0: 18.48, adversary_1: 18.48, adversary_2: 18.48, agent_0: -24.51]
Ep 31500/35000 | Noise: 0.05 | Avg Rewards: [adversary_0: 15.74, adversary_1: 15.74, adversary_2: 15.74, agent_0: -22.52]
Ep 32000/35000 | Noise: 0.05 | Avg Rewards: [adversary_0: 16.66, adversary_1: 16.66, adversary_2: 16.66, agent_0: -21.97]
Ep 32500/35000 | Noise: 0.05 | Avg Rewards: [adversary_0: 15.88, adversary_1: 15.88, adversary_2: 15.88, agent_0: -22.13]
Ep 33000/35000 | Noise: 0.05 | Avg Rewards: [adversary_0: 17.26, adversary_1: 17.26, adversary_2: 17.26, agent_0: -23.03]
Ep 33500/35000 | Noise: 0.05 | Avg Rewards: [adversary_0: 14.66, adversary_1: 14.66, adversary_2: 14.66, agent_0: -20.23]
Ep 34000/35000 | Noise: 0.05 | Avg Rewards: [adversary_0: 17.68, adversary_1: 17.68, adversary_2: 17.68, agent_0: -24.40]
Ep 34500/35000 | Noise: 0.05 | Avg Rewards: [adversary_0: 15.14, adversary_1: 15.14, adversary_2: 15.14, agent_0: -20.93]
Ep 35000/35000 | Noise: 0.05 | Avg Rewards: [adversary_0: 15.20, adversary_1: 15.20, adversary_2: 15.20, agent_0: -20.80]
Training complete! Logs saved to results/iddpg_fast_run_rewards.csv

Training finished: Sat Jun 20 09:38:04 PM UTC 2026
===============================
Evaluation started: Sat Jun 20 09:38:04 PM UTC 2026

Loaded episode 35000 from checkpoints/iddpg/fast_run
Saved GIF to gifs/iddpg_fast_run_trained.gif

Evaluation finished: Sat Jun 20 09:38:11 PM UTC 2026
===============================
Plotting reward comparison: Sat Jun 20 09:38:11 PM UTC 2026

Skipping plot: one comparison CSV is still missing.
–––––––––––––––––––––––––––––––––––––––––––––––––––––––––––––––––––––––––––––––––
