–––––––––––––––––––––––––––––––––––––––––––––––––––––––––––––––––––––––––––––––––

Job started: Sat Jun 20 07:58:32 PM UTC 2026
Host: gpunode01.dyn.scc.plus.ac.at
Run name: src_v2_maddpg_slow_619330
Eval tag: 619330
Python Version:
Python 3.12.13
===============================
Training started: Sat Jun 20 07:58:32 PM UTC 2026
Using device: cuda
Run name: src_v2_maddpg_slow_619330
error: XDG_RUNTIME_DIR is invalid or not set in the environment.
Starting Training (MADDPG)...
Ep 00500/35000 | Noise: 0.29 | Avg Rewards: [adversary_0: 3.96, adversary_1: 3.96, adversary_2: 3.96, agent_0: -16.81]
Ep 01000/35000 | Noise: 0.29 | Avg Rewards: [adversary_0: 10.22, adversary_1: 10.22, adversary_2: 10.22, agent_0: -11.66]
Ep 01500/35000 | Noise: 0.28 | Avg Rewards: [adversary_0: 9.28, adversary_1: 9.28, adversary_2: 9.28, agent_0: -14.07]
Ep 02000/35000 | Noise: 0.28 | Avg Rewards: [adversary_0: 8.70, adversary_1: 8.70, adversary_2: 8.70, agent_0: -13.05]
Ep 02500/35000 | Noise: 0.27 | Avg Rewards: [adversary_0: 7.34, adversary_1: 7.34, adversary_2: 7.34, agent_0: -9.48]
Ep 03000/35000 | Noise: 0.27 | Avg Rewards: [adversary_0: 6.54, adversary_1: 6.54, adversary_2: 6.54, agent_0: -8.28]
Ep 03500/35000 | Noise: 0.27 | Avg Rewards: [adversary_0: 5.74, adversary_1: 5.74, adversary_2: 5.74, agent_0: -6.87]
Ep 04000/35000 | Noise: 0.26 | Avg Rewards: [adversary_0: 6.36, adversary_1: 6.36, adversary_2: 6.36, agent_0: -8.44]
Ep 04500/35000 | Noise: 0.26 | Avg Rewards: [adversary_0: 7.56, adversary_1: 7.56, adversary_2: 7.56, agent_0: -10.67]
Ep 05000/35000 | Noise: 0.25 | Avg Rewards: [adversary_0: 11.28, adversary_1: 11.28, adversary_2: 11.28, agent_0: -15.26]
Ep 05500/35000 | Noise: 0.24 | Avg Rewards: [adversary_0: 11.44, adversary_1: 11.44, adversary_2: 11.44, agent_0: -17.06]
Ep 06000/35000 | Noise: 0.24 | Avg Rewards: [adversary_0: 16.46, adversary_1: 16.46, adversary_2: 16.46, agent_0: -22.82]
Ep 06500/35000 | Noise: 0.23 | Avg Rewards: [adversary_0: 23.32, adversary_1: 23.32, adversary_2: 23.32, agent_0: -31.22]
Ep 07000/35000 | Noise: 0.23 | Avg Rewards: [adversary_0: 21.42, adversary_1: 21.42, adversary_2: 21.42, agent_0: -30.19]
Ep 07500/35000 | Noise: 0.22 | Avg Rewards: [adversary_0: 14.64, adversary_1: 14.64, adversary_2: 14.64, agent_0: -26.68]
Ep 08000/35000 | Noise: 0.22 | Avg Rewards: [adversary_0: 11.74, adversary_1: 11.74, adversary_2: 11.74, agent_0: -21.20]
Ep 08500/35000 | Noise: 0.21 | Avg Rewards: [adversary_0: 13.30, adversary_1: 13.30, adversary_2: 13.30, agent_0: -25.57]
Ep 09000/35000 | Noise: 0.21 | Avg Rewards: [adversary_0: 16.32, adversary_1: 16.32, adversary_2: 16.32, agent_0: -24.90]
Ep 09500/35000 | Noise: 0.20 | Avg Rewards: [adversary_0: 21.30, adversary_1: 21.30, adversary_2: 21.30, agent_0: -28.43]
Ep 10000/35000 | Noise: 0.20 | Avg Rewards: [adversary_0: 22.18, adversary_1: 22.18, adversary_2: 22.18, agent_0: -29.06]
Ep 10500/35000 | Noise: 0.20 | Avg Rewards: [adversary_0: 23.42, adversary_1: 23.42, adversary_2: 23.42, agent_0: -30.02]
Ep 11000/35000 | Noise: 0.19 | Avg Rewards: [adversary_0: 21.38, adversary_1: 21.38, adversary_2: 21.38, agent_0: -28.74]
Ep 11500/35000 | Noise: 0.18 | Avg Rewards: [adversary_0: 18.00, adversary_1: 18.00, adversary_2: 18.00, agent_0: -25.03]
Ep 12000/35000 | Noise: 0.18 | Avg Rewards: [adversary_0: 15.44, adversary_1: 15.44, adversary_2: 15.44, agent_0: -22.90]
Ep 12500/35000 | Noise: 0.17 | Avg Rewards: [adversary_0: 13.40, adversary_1: 13.40, adversary_2: 13.40, agent_0: -21.22]
Ep 13000/35000 | Noise: 0.17 | Avg Rewards: [adversary_0: 14.68, adversary_1: 14.68, adversary_2: 14.68, agent_0: -21.96]
Ep 13500/35000 | Noise: 0.16 | Avg Rewards: [adversary_0: 11.66, adversary_1: 11.66, adversary_2: 11.66, agent_0: -20.75]
Ep 14000/35000 | Noise: 0.16 | Avg Rewards: [adversary_0: 13.60, adversary_1: 13.60, adversary_2: 13.60, agent_0: -23.24]
Ep 14500/35000 | Noise: 0.15 | Avg Rewards: [adversary_0: 12.16, adversary_1: 12.16, adversary_2: 12.16, agent_0: -20.76]
Ep 15000/35000 | Noise: 0.15 | Avg Rewards: [adversary_0: 10.54, adversary_1: 10.54, adversary_2: 10.54, agent_0: -19.14]
Ep 15500/35000 | Noise: 0.14 | Avg Rewards: [adversary_0: 9.32, adversary_1: 9.32, adversary_2: 9.32, agent_0: -18.72]
Ep 16000/35000 | Noise: 0.14 | Avg Rewards: [adversary_0: 9.94, adversary_1: 9.94, adversary_2: 9.94, agent_0: -18.41]
Ep 16500/35000 | Noise: 0.13 | Avg Rewards: [adversary_0: 8.40, adversary_1: 8.40, adversary_2: 8.40, agent_0: -28.52]
Ep 17000/35000 | Noise: 0.13 | Avg Rewards: [adversary_0: 10.76, adversary_1: 10.76, adversary_2: 10.76, agent_0: -22.84]
Ep 17500/35000 | Noise: 0.12 | Avg Rewards: [adversary_0: 10.18, adversary_1: 10.18, adversary_2: 10.18, agent_0: -17.70]
Ep 18000/35000 | Noise: 0.12 | Avg Rewards: [adversary_0: 9.08, adversary_1: 9.08, adversary_2: 9.08, agent_0: -15.10]
Ep 18500/35000 | Noise: 0.11 | Avg Rewards: [adversary_0: 7.84, adversary_1: 7.84, adversary_2: 7.84, agent_0: -14.47]
Ep 19000/35000 | Noise: 0.11 | Avg Rewards: [adversary_0: 8.22, adversary_1: 8.22, adversary_2: 8.22, agent_0: -13.89]
Ep 19500/35000 | Noise: 0.10 | Avg Rewards: [adversary_0: 8.68, adversary_1: 8.68, adversary_2: 8.68, agent_0: -15.52]
Ep 20000/35000 | Noise: 0.10 | Avg Rewards: [adversary_0: 8.42, adversary_1: 8.42, adversary_2: 8.42, agent_0: -15.24]
Ep 20500/35000 | Noise: 0.10 | Avg Rewards: [adversary_0: 9.50, adversary_1: 9.50, adversary_2: 9.50, agent_0: -16.31]
Ep 21000/35000 | Noise: 0.09 | Avg Rewards: [adversary_0: 8.78, adversary_1: 8.78, adversary_2: 8.78, agent_0: -15.88]
Ep 21500/35000 | Noise: 0.08 | Avg Rewards: [adversary_0: 7.64, adversary_1: 7.64, adversary_2: 7.64, agent_0: -14.39]
Ep 22000/35000 | Noise: 0.08 | Avg Rewards: [adversary_0: 7.70, adversary_1: 7.70, adversary_2: 7.70, agent_0: -14.66]
Ep 22500/35000 | Noise: 0.07 | Avg Rewards: [adversary_0: 7.28, adversary_1: 7.28, adversary_2: 7.28, agent_0: -14.14]
Ep 23000/35000 | Noise: 0.07 | Avg Rewards: [adversary_0: 8.30, adversary_1: 8.30, adversary_2: 8.30, agent_0: -15.44]
Ep 23500/35000 | Noise: 0.07 | Avg Rewards: [adversary_0: 8.02, adversary_1: 8.02, adversary_2: 8.02, agent_0: -15.17]
Ep 24000/35000 | Noise: 0.06 | Avg Rewards: [adversary_0: 8.20, adversary_1: 8.20, adversary_2: 8.20, agent_0: -15.36]
Ep 24500/35000 | Noise: 0.05 | Avg Rewards: [adversary_0: 6.14, adversary_1: 6.14, adversary_2: 6.14, agent_0: -13.09]
Ep 25000/35000 | Noise: 0.05 | Avg Rewards: [adversary_0: 7.46, adversary_1: 7.46, adversary_2: 7.46, agent_0: -14.36]
Ep 25500/35000 | Noise: 0.05 | Avg Rewards: [adversary_0: 6.44, adversary_1: 6.44, adversary_2: 6.44, agent_0: -13.07]
Ep 26000/35000 | Noise: 0.05 | Avg Rewards: [adversary_0: 7.80, adversary_1: 7.80, adversary_2: 7.80, agent_0: -14.93]
Ep 26500/35000 | Noise: 0.05 | Avg Rewards: [adversary_0: 7.00, adversary_1: 7.00, adversary_2: 7.00, agent_0: -14.04]
Ep 27000/35000 | Noise: 0.05 | Avg Rewards: [adversary_0: 6.82, adversary_1: 6.82, adversary_2: 6.82, agent_0: -14.00]
Ep 27500/35000 | Noise: 0.05 | Avg Rewards: [adversary_0: 7.52, adversary_1: 7.52, adversary_2: 7.52, agent_0: -14.68]
Ep 28000/35000 | Noise: 0.05 | Avg Rewards: [adversary_0: 6.80, adversary_1: 6.80, adversary_2: 6.80, agent_0: -13.51]
Ep 28500/35000 | Noise: 0.05 | Avg Rewards: [adversary_0: 8.84, adversary_1: 8.84, adversary_2: 8.84, agent_0: -17.90]
Ep 29000/35000 | Noise: 0.05 | Avg Rewards: [adversary_0: 8.66, adversary_1: 8.66, adversary_2: 8.66, agent_0: -19.90]
Ep 29500/35000 | Noise: 0.05 | Avg Rewards: [adversary_0: 7.14, adversary_1: 7.14, adversary_2: 7.14, agent_0: -14.13]
Ep 30000/35000 | Noise: 0.05 | Avg Rewards: [adversary_0: 7.00, adversary_1: 7.00, adversary_2: 7.00, agent_0: -12.84]
Ep 30500/35000 | Noise: 0.05 | Avg Rewards: [adversary_0: 6.00, adversary_1: 6.00, adversary_2: 6.00, agent_0: -12.01]
Ep 31000/35000 | Noise: 0.05 | Avg Rewards: [adversary_0: 7.78, adversary_1: 7.78, adversary_2: 7.78, agent_0: -13.73]
Ep 31500/35000 | Noise: 0.05 | Avg Rewards: [adversary_0: 7.68, adversary_1: 7.68, adversary_2: 7.68, agent_0: -13.38]
Ep 32000/35000 | Noise: 0.05 | Avg Rewards: [adversary_0: 8.34, adversary_1: 8.34, adversary_2: 8.34, agent_0: -14.78]
Ep 32500/35000 | Noise: 0.05 | Avg Rewards: [adversary_0: 8.06, adversary_1: 8.06, adversary_2: 8.06, agent_0: -14.95]
Ep 33000/35000 | Noise: 0.05 | Avg Rewards: [adversary_0: 7.26, adversary_1: 7.26, adversary_2: 7.26, agent_0: -14.10]
Ep 33500/35000 | Noise: 0.05 | Avg Rewards: [adversary_0: 7.74, adversary_1: 7.74, adversary_2: 7.74, agent_0: -14.50]
Ep 34000/35000 | Noise: 0.05 | Avg Rewards: [adversary_0: 6.34, adversary_1: 6.34, adversary_2: 6.34, agent_0: -12.78]
Ep 34500/35000 | Noise: 0.05 | Avg Rewards: [adversary_0: 7.26, adversary_1: 7.26, adversary_2: 7.26, agent_0: -12.68]
Ep 35000/35000 | Noise: 0.05 | Avg Rewards: [adversary_0: 7.96, adversary_1: 7.96, adversary_2: 7.96, agent_0: -14.18]
Training complete! Logs saved to results/src_v2/maddpg_src_v2_maddpg_slow_619330_src_v2_rewards.csv
Training finished: Sun Jun 21 03:22:37 AM UTC 2026
===============================
Evaluation started: Sun Jun 21 03:22:37 AM UTC 2026
Loaded episode 35000 from checkpoints/src_v2/maddpg/src_v2_maddpg_slow_619330
Saved GIF to gifs/src_v2/maddpg_src_v2_maddpg_slow_619330_src_v2_trained_619330.gif
Evaluation finished: Sun Jun 21 03:22:44 AM UTC 2026

–––––––––––––––––––––––––––––––––––––––––––––––––––––––––––––––––––––––––––––––––
