–––––––––––––––––––––––––––––––––––––––––––––––––––––––––––––––––––––––––––––––––

Job started: Sat Jun 20 07:58:09 PM UTC 2026
Host: gpunode10.dyn.scc.plus.ac.at
Python Version:
Python 3.12.13
===============================
Training started: Sat Jun 20 07:58:09 PM UTC 2026

Using device: cuda
error: XDG_RUNTIME_DIR is invalid or not set in the environment.
Starting Training (MADDPG)...
Ep 00500/35000 | Noise: 0.29 | Avg Rewards: [adversary_0: 4.94, adversary_1: 4.94, adversary_2: 4.94, agent_0: -30.74]
Ep 01000/35000 | Noise: 0.29 | Avg Rewards: [adversary_0: 9.84, adversary_1: 9.84, adversary_2: 9.84, agent_0: -17.97]
Ep 01500/35000 | Noise: 0.28 | Avg Rewards: [adversary_0: 10.70, adversary_1: 10.70, adversary_2: 10.70, agent_0: -14.39]
Ep 02000/35000 | Noise: 0.28 | Avg Rewards: [adversary_0: 12.60, adversary_1: 12.60, adversary_2: 12.60, agent_0: -13.70]
Ep 02500/35000 | Noise: 0.27 | Avg Rewards: [adversary_0: 8.42, adversary_1: 8.42, adversary_2: 8.42, agent_0: -10.47]
Ep 03000/35000 | Noise: 0.27 | Avg Rewards: [adversary_0: 10.14, adversary_1: 10.14, adversary_2: 10.14, agent_0: -12.74]
Ep 03500/35000 | Noise: 0.27 | Avg Rewards: [adversary_0: 7.74, adversary_1: 7.74, adversary_2: 7.74, agent_0: -11.02]
Ep 04000/35000 | Noise: 0.26 | Avg Rewards: [adversary_0: 12.28, adversary_1: 12.28, adversary_2: 12.28, agent_0: -14.21]
Ep 04500/35000 | Noise: 0.26 | Avg Rewards: [adversary_0: 13.40, adversary_1: 13.40, adversary_2: 13.40, agent_0: -15.90]
Ep 05000/35000 | Noise: 0.25 | Avg Rewards: [adversary_0: 16.70, adversary_1: 16.70, adversary_2: 16.70, agent_0: -23.54]
Ep 05500/35000 | Noise: 0.24 | Avg Rewards: [adversary_0: 22.18, adversary_1: 22.18, adversary_2: 22.18, agent_0: -29.37]
Ep 06000/35000 | Noise: 0.24 | Avg Rewards: [adversary_0: 18.86, adversary_1: 18.86, adversary_2: 18.86, agent_0: -26.80]
Ep 06500/35000 | Noise: 0.23 | Avg Rewards: [adversary_0: 16.74, adversary_1: 16.74, adversary_2: 16.74, agent_0: -24.73]
Ep 07000/35000 | Noise: 0.23 | Avg Rewards: [adversary_0: 15.74, adversary_1: 15.74, adversary_2: 15.74, agent_0: -24.27]
Ep 07500/35000 | Noise: 0.22 | Avg Rewards: [adversary_0: 16.50, adversary_1: 16.50, adversary_2: 16.50, agent_0: -25.67]
Ep 08000/35000 | Noise: 0.22 | Avg Rewards: [adversary_0: 21.56, adversary_1: 21.56, adversary_2: 21.56, agent_0: -29.82]
Ep 08500/35000 | Noise: 0.21 | Avg Rewards: [adversary_0: 17.56, adversary_1: 17.56, adversary_2: 17.56, agent_0: -27.61]
Ep 09000/35000 | Noise: 0.21 | Avg Rewards: [adversary_0: 16.20, adversary_1: 16.20, adversary_2: 16.20, agent_0: -25.44]
Ep 09500/35000 | Noise: 0.20 | Avg Rewards: [adversary_0: 13.86, adversary_1: 13.86, adversary_2: 13.86, agent_0: -23.32]
Ep 10000/35000 | Noise: 0.20 | Avg Rewards: [adversary_0: 18.38, adversary_1: 18.38, adversary_2: 18.38, agent_0: -26.73]
Ep 10500/35000 | Noise: 0.20 | Avg Rewards: [adversary_0: 18.56, adversary_1: 18.56, adversary_2: 18.56, agent_0: -25.14]
Ep 11000/35000 | Noise: 0.19 | Avg Rewards: [adversary_0: 22.88, adversary_1: 22.88, adversary_2: 22.88, agent_0: -29.47]
Ep 11500/35000 | Noise: 0.18 | Avg Rewards: [adversary_0: 14.68, adversary_1: 14.68, adversary_2: 14.68, agent_0: -22.93]
Ep 12000/35000 | Noise: 0.18 | Avg Rewards: [adversary_0: 11.42, adversary_1: 11.42, adversary_2: 11.42, agent_0: -19.53]
Ep 12500/35000 | Noise: 0.17 | Avg Rewards: [adversary_0: 10.38, adversary_1: 10.38, adversary_2: 10.38, agent_0: -16.94]
Ep 13000/35000 | Noise: 0.17 | Avg Rewards: [adversary_0: 10.44, adversary_1: 10.44, adversary_2: 10.44, agent_0: -16.10]
Ep 13500/35000 | Noise: 0.16 | Avg Rewards: [adversary_0: 8.84, adversary_1: 8.84, adversary_2: 8.84, agent_0: -14.81]
Ep 14000/35000 | Noise: 0.16 | Avg Rewards: [adversary_0: 9.76, adversary_1: 9.76, adversary_2: 9.76, agent_0: -16.38]
Ep 14500/35000 | Noise: 0.15 | Avg Rewards: [adversary_0: 9.78, adversary_1: 9.78, adversary_2: 9.78, agent_0: -16.46]
Ep 15000/35000 | Noise: 0.15 | Avg Rewards: [adversary_0: 9.62, adversary_1: 9.62, adversary_2: 9.62, agent_0: -15.81]
Ep 15500/35000 | Noise: 0.14 | Avg Rewards: [adversary_0: 9.82, adversary_1: 9.82, adversary_2: 9.82, agent_0: -16.62]
Ep 16000/35000 | Noise: 0.14 | Avg Rewards: [adversary_0: 9.22, adversary_1: 9.22, adversary_2: 9.22, agent_0: -14.31]
Ep 16500/35000 | Noise: 0.13 | Avg Rewards: [adversary_0: 9.26, adversary_1: 9.26, adversary_2: 9.26, agent_0: -13.86]
Ep 17000/35000 | Noise: 0.13 | Avg Rewards: [adversary_0: 7.98, adversary_1: 7.98, adversary_2: 7.98, agent_0: -13.72]
Ep 17500/35000 | Noise: 0.12 | Avg Rewards: [adversary_0: 8.26, adversary_1: 8.26, adversary_2: 8.26, agent_0: -14.16]
Ep 18000/35000 | Noise: 0.12 | Avg Rewards: [adversary_0: 8.94, adversary_1: 8.94, adversary_2: 8.94, agent_0: -15.12]
Ep 18500/35000 | Noise: 0.11 | Avg Rewards: [adversary_0: 9.96, adversary_1: 9.96, adversary_2: 9.96, agent_0: -17.04]
Ep 19000/35000 | Noise: 0.11 | Avg Rewards: [adversary_0: 7.76, adversary_1: 7.76, adversary_2: 7.76, agent_0: -14.27]
Ep 19500/35000 | Noise: 0.10 | Avg Rewards: [adversary_0: 8.92, adversary_1: 8.92, adversary_2: 8.92, agent_0: -15.43]
Ep 20000/35000 | Noise: 0.10 | Avg Rewards: [adversary_0: 9.10, adversary_1: 9.10, adversary_2: 9.10, agent_0: -15.21]
Ep 20500/35000 | Noise: 0.10 | Avg Rewards: [adversary_0: 8.82, adversary_1: 8.82, adversary_2: 8.82, agent_0: -14.38]
Ep 21000/35000 | Noise: 0.09 | Avg Rewards: [adversary_0: 9.90, adversary_1: 9.90, adversary_2: 9.90, agent_0: -16.00]
Ep 21500/35000 | Noise: 0.08 | Avg Rewards: [adversary_0: 8.48, adversary_1: 8.48, adversary_2: 8.48, agent_0: -14.11]
Ep 22000/35000 | Noise: 0.08 | Avg Rewards: [adversary_0: 9.50, adversary_1: 9.50, adversary_2: 9.50, agent_0: -15.65]
Ep 22500/35000 | Noise: 0.07 | Avg Rewards: [adversary_0: 7.98, adversary_1: 7.98, adversary_2: 7.98, agent_0: -13.84]
Ep 23000/35000 | Noise: 0.07 | Avg Rewards: [adversary_0: 8.06, adversary_1: 8.06, adversary_2: 8.06, agent_0: -15.04]
Ep 23500/35000 | Noise: 0.07 | Avg Rewards: [adversary_0: 6.94, adversary_1: 6.94, adversary_2: 6.94, agent_0: -12.56]
Ep 24000/35000 | Noise: 0.06 | Avg Rewards: [adversary_0: 7.48, adversary_1: 7.48, adversary_2: 7.48, agent_0: -13.58]
Ep 24500/35000 | Noise: 0.05 | Avg Rewards: [adversary_0: 8.28, adversary_1: 8.28, adversary_2: 8.28, agent_0: -13.76]
Ep 25000/35000 | Noise: 0.05 | Avg Rewards: [adversary_0: 8.14, adversary_1: 8.14, adversary_2: 8.14, agent_0: -13.67]
Ep 25500/35000 | Noise: 0.05 | Avg Rewards: [adversary_0: 6.66, adversary_1: 6.66, adversary_2: 6.66, agent_0: -11.98]
Ep 26000/35000 | Noise: 0.05 | Avg Rewards: [adversary_0: 7.00, adversary_1: 7.00, adversary_2: 7.00, agent_0: -12.63]
Ep 26500/35000 | Noise: 0.05 | Avg Rewards: [adversary_0: 6.60, adversary_1: 6.60, adversary_2: 6.60, agent_0: -12.12]
Ep 27000/35000 | Noise: 0.05 | Avg Rewards: [adversary_0: 6.08, adversary_1: 6.08, adversary_2: 6.08, agent_0: -12.44]
Ep 27500/35000 | Noise: 0.05 | Avg Rewards: [adversary_0: 5.56, adversary_1: 5.56, adversary_2: 5.56, agent_0: -11.42]
Ep 28000/35000 | Noise: 0.05 | Avg Rewards: [adversary_0: 6.94, adversary_1: 6.94, adversary_2: 6.94, agent_0: -12.14]
Ep 28500/35000 | Noise: 0.05 | Avg Rewards: [adversary_0: 7.28, adversary_1: 7.28, adversary_2: 7.28, agent_0: -12.31]
Ep 29000/35000 | Noise: 0.05 | Avg Rewards: [adversary_0: 5.58, adversary_1: 5.58, adversary_2: 5.58, agent_0: -10.35]
Ep 29500/35000 | Noise: 0.05 | Avg Rewards: [adversary_0: 6.46, adversary_1: 6.46, adversary_2: 6.46, agent_0: -11.43]
Ep 30000/35000 | Noise: 0.05 | Avg Rewards: [adversary_0: 6.02, adversary_1: 6.02, adversary_2: 6.02, agent_0: -10.64]
Ep 30500/35000 | Noise: 0.05 | Avg Rewards: [adversary_0: 5.38, adversary_1: 5.38, adversary_2: 5.38, agent_0: -10.23]
Ep 31000/35000 | Noise: 0.05 | Avg Rewards: [adversary_0: 6.98, adversary_1: 6.98, adversary_2: 6.98, agent_0: -11.69]
Ep 31500/35000 | Noise: 0.05 | Avg Rewards: [adversary_0: 5.56, adversary_1: 5.56, adversary_2: 5.56, agent_0: -10.50]
Ep 32000/35000 | Noise: 0.05 | Avg Rewards: [adversary_0: 6.76, adversary_1: 6.76, adversary_2: 6.76, agent_0: -11.73]
Ep 32500/35000 | Noise: 0.05 | Avg Rewards: [adversary_0: 7.20, adversary_1: 7.20, adversary_2: 7.20, agent_0: -11.96]
Ep 33000/35000 | Noise: 0.05 | Avg Rewards: [adversary_0: 7.40, adversary_1: 7.40, adversary_2: 7.40, agent_0: -12.98]
Ep 33500/35000 | Noise: 0.05 | Avg Rewards: [adversary_0: 6.00, adversary_1: 6.00, adversary_2: 6.00, agent_0: -10.93]
Ep 34000/35000 | Noise: 0.05 | Avg Rewards: [adversary_0: 6.34, adversary_1: 6.34, adversary_2: 6.34, agent_0: -11.43]
Ep 34500/35000 | Noise: 0.05 | Avg Rewards: [adversary_0: 6.16, adversary_1: 6.16, adversary_2: 6.16, agent_0: -11.47]
Ep 35000/35000 | Noise: 0.05 | Avg Rewards: [adversary_0: 5.72, adversary_1: 5.72, adversary_2: 5.72, agent_0: -10.74]
Training complete! Logs saved to results/maddpg_slow_run_rewards.csv

Training finished: Sun Jun 21 03:49:41 AM UTC 2026
===============================
Evaluation started: Sun Jun 21 03:49:41 AM UTC 2026

Loaded episode 35000 from checkpoints/maddpg/slow_run
Saved GIF to gifs/maddpg_slow_run_trained.gif

Evaluation finished: Sun Jun 21 03:49:48 AM UTC 2026
===============================
Plotting reward comparison: Sun Jun 21 03:49:48 AM UTC 2026

Saved plot to results/reward_comparison_slow_run.png
–––––––––––––––––––––––––––––––––––––––––––––––––––––––––––––––––––––––––––––––––
